This is XeTeX, Version 3.141592653-2.6-0.999993 (TeX Live 2021/W32TeX) (preloaded format=xelatex 2021.8.15)  25 JUN 2022 23:04
entering extended mode
 restricted \write18 enabled.
 %&-line parsing enabled.
**to_compile.tex
(./to_compile.tex
LaTeX2e <2020-10-01> patch level 4
L3 programming layer <2021-02-18>
(c:/texlive/2021/texmf-dist/tex/latex/base/article.cls
Document Class: article 2020/04/10 v1.4m Standard LaTeX document class
(c:/texlive/2021/texmf-dist/tex/latex/base/size10.clo
File: size10.clo 2020/04/10 v1.4m Standard LaTeX file (size option)
)
\c@part=\count175
\c@section=\count176
\c@subsection=\count177
\c@subsubsection=\count178
\c@paragraph=\count179
\c@subparagraph=\count180
\c@figure=\count181
\c@table=\count182
\abovecaptionskip=\skip47
\belowcaptionskip=\skip48
\bibindent=\dimen138
)
(c:/texlive/2021/texmf-dist/tex/latex/ctex/ctex.sty
(c:/texlive/2021/texmf-dist/tex/latex/l3kernel/expl3.sty
Package: expl3 2021-02-18 L3 programming layer (loader) 

(c:/texlive/2021/texmf-dist/tex/latex/l3backend/l3backend-xetex.def
File: l3backend-xetex.def 2021-03-18 L3 backend support: XeTeX

(|extractbb --version)
\c__kernel_sys_dvipdfmx_version_int=\count183
\l__color_backend_stack_int=\count184
\g__color_backend_stack_int=\count185
\g__graphics_track_int=\count186
\l__pdf_internal_box=\box47
\g__pdf_backend_object_int=\count187
\g__pdf_backend_annotation_int=\count188
\g__pdf_backend_link_int=\count189
))
Package: ctex 2021/03/14 v2.5.6 Chinese adapter in LaTeX (CTEX)

(c:/texlive/2021/texmf-dist/tex/latex/l3packages/xparse/xparse.sty
(c:/texlive/2021/texmf-dist/tex/latex/l3packages/xparse/xparse-2020-10-01.sty
(c:/texlive/2021/texmf-dist/tex/latex/l3packages/xparse/xparse-generic.tex)))
(c:/texlive/2021/texmf-dist/tex/latex/l3packages/l3keys2e/l3keys2e.sty
Package: l3keys2e 2021-03-12 LaTeX2e option processing using LaTeX3 keys
)
(c:/texlive/2021/texmf-dist/tex/latex/ctex/ctexhook.sty
Package: ctexhook 2021/03/14 v2.5.6 Document and package hooks (CTEX)
)
(c:/texlive/2021/texmf-dist/tex/latex/ctex/ctexpatch.sty
Package: ctexpatch 2021/03/14 v2.5.6 Patching commands (CTEX)
)
(c:/texlive/2021/texmf-dist/tex/latex/base/fix-cm.sty
Package: fix-cm 2015/01/14 v1.1t fixes to LaTeX

(c:/texlive/2021/texmf-dist/tex/latex/base/ts1enc.def
File: ts1enc.def 2001/06/05 v3.0e (jk/car/fm) Standard LaTeX file
LaTeX Font Info:    Redeclaring font encoding TS1 on input line 47.
))
(c:/texlive/2021/texmf-dist/tex/latex/everysel/everysel.sty
Package: everysel 2021/01/20 v2.1 EverySelectfont Package (MS)

(c:/texlive/2021/texmf-dist/tex/latex/everysel/everysel-2011-10-28.sty))
\l__ctex_tmp_int=\count190
\l__ctex_tmp_box=\box48
\l__ctex_tmp_dim=\dimen139
\g__ctex_section_depth_int=\count191
\g__ctex_font_size_int=\count192

(c:/texlive/2021/texmf-dist/tex/latex/ctex/config/ctexopts.cfg
File: ctexopts.cfg 2021/03/14 v2.5.6 Option configuration file (CTEX)
)
(c:/texlive/2021/texmf-dist/tex/latex/ctex/engine/ctex-engine-xetex.def
File: ctex-engine-xetex.def 2021/03/14 v2.5.6 XeLaTeX adapter (CTEX)

(c:/texlive/2021/texmf-dist/tex/xelatex/xecjk/xeCJK.sty
Package: xeCJK 2020/10/19 v3.8.6 Typesetting CJK scripts with XeLaTeX

(c:/texlive/2021/texmf-dist/tex/latex/l3packages/xtemplate/xtemplate.sty
Package: xtemplate 2021-03-12 L3 Experimental prototype document functions
\l__xtemplate_tmp_dim=\dimen140
\l__xtemplate_tmp_int=\count193
\l__xtemplate_tmp_muskip=\muskip16
\l__xtemplate_tmp_skip=\skip49
)
\l__xeCJK_tmp_int=\count194
\l__xeCJK_tmp_box=\box49
\l__xeCJK_tmp_dim=\dimen141
\l__xeCJK_tmp_skip=\skip50
\g__xeCJK_space_factor_int=\count195
\l__xeCJK_begin_int=\count196
\l__xeCJK_end_int=\count197
\c__xeCJK_CJK_class_int=\XeTeXcharclass1
\c__xeCJK_FullLeft_class_int=\XeTeXcharclass2
\c__xeCJK_FullRight_class_int=\XeTeXcharclass3
\c__xeCJK_HalfLeft_class_int=\XeTeXcharclass4
\c__xeCJK_HalfRight_class_int=\XeTeXcharclass5
\c__xeCJK_NormalSpace_class_int=\XeTeXcharclass6
\c__xeCJK_CM_class_int=\XeTeXcharclass7
\c__xeCJK_HangulJamo_class_int=\XeTeXcharclass8
\l__xeCJK_last_skip=\skip51
\g__xeCJK_node_int=\count198
\c__xeCJK_CJK_node_dim=\dimen142
\c__xeCJK_CJK-space_node_dim=\dimen143
\c__xeCJK_default_node_dim=\dimen144
\c__xeCJK_default-space_node_dim=\dimen145
\c__xeCJK_CJK-widow_node_dim=\dimen146
\c__xeCJK_normalspace_node_dim=\dimen147
\l__xeCJK_ccglue_skip=\skip52
\l__xeCJK_ecglue_skip=\skip53
\l__xeCJK_punct_kern_skip=\skip54
\l__xeCJK_last_penalty_int=\count199
\l__xeCJK_last_bound_dim=\dimen148
\l__xeCJK_last_kern_dim=\dimen149
\l__xeCJK_widow_penalty_int=\count266

Package xtemplate Info: Declaring object type 'xeCJK/punctuation' taking 0
(xtemplate)             argument(s) on line 2341.

\l__xeCJK_fixed_punct_width_dim=\dimen150
\l__xeCJK_mixed_punct_width_dim=\dimen151
\l__xeCJK_middle_punct_width_dim=\dimen152
\l__xeCJK_fixed_margin_width_dim=\dimen153
\l__xeCJK_mixed_margin_width_dim=\dimen154
\l__xeCJK_middle_margin_width_dim=\dimen155
\l__xeCJK_bound_punct_width_dim=\dimen156
\l__xeCJK_bound_margin_width_dim=\dimen157
\l__xeCJK_margin_minimum_dim=\dimen158
\l__xeCJK_kerning_total_width_dim=\dimen159
\l__xeCJK_same_align_margin_dim=\dimen160
\l__xeCJK_different_align_margin_dim=\dimen161
\l__xeCJK_kerning_margin_width_dim=\dimen162
\l__xeCJK_kerning_margin_minimum_dim=\dimen163
\l__xeCJK_bound_dim=\dimen164
\l__xeCJK_reverse_bound_dim=\dimen165
\l__xeCJK_margin_dim=\dimen166
\l__xeCJK_minimum_bound_dim=\dimen167
\l__xeCJK_kerning_margin_dim=\dimen168
\g__xeCJK_family_int=\count267
\l__xeCJK_fam_int=\count268
\g__xeCJK_fam_allocation_int=\count269
\l__xeCJK_verb_case_int=\count270
\l__xeCJK_verb_exspace_skip=\skip55

(c:/texlive/2021/texmf-dist/tex/latex/fontspec/fontspec.sty
Package: fontspec 2020/02/21 v2.7i Font selection for XeLaTeX and LuaLaTeX

(c:/texlive/2021/texmf-dist/tex/latex/fontspec/fontspec-xetex.sty
Package: fontspec-xetex 2020/02/21 v2.7i Font selection for XeLaTeX and LuaLaTe
X
\l__fontspec_script_int=\count271
\l__fontspec_language_int=\count272
\l__fontspec_strnum_int=\count273
\l__fontspec_tmp_int=\count274
\l__fontspec_tmpa_int=\count275
\l__fontspec_tmpb_int=\count276
\l__fontspec_tmpc_int=\count277
\l__fontspec_em_int=\count278
\l__fontspec_emdef_int=\count279
\l__fontspec_strong_int=\count280
\l__fontspec_strongdef_int=\count281
\l__fontspec_tmpa_dim=\dimen169
\l__fontspec_tmpb_dim=\dimen170
\l__fontspec_tmpc_dim=\dimen171

(c:/texlive/2021/texmf-dist/tex/latex/base/fontenc.sty
Package: fontenc 2020/08/10 v2.0s Standard LaTeX package
)
(c:/texlive/2021/texmf-dist/tex/latex/fontspec/fontspec.cfg)))
(c:/texlive/2021/texmf-dist/tex/xelatex/xecjk/xeCJK.cfg
File: xeCJK.cfg 2020/10/19 v3.8.6 Configuration file for xeCJK package
))
\ccwd=\dimen172
\l__ctex_ccglue_skip=\skip56
)
\l__ctex_ziju_dim=\dimen173

(c:/texlive/2021/texmf-dist/tex/latex/zhnumber/zhnumber.sty
Package: zhnumber 2020/05/01 v2.8 Typesetting numbers with Chinese glyphs
\l__zhnum_scale_int=\count282

(c:/texlive/2021/texmf-dist/tex/latex/zhnumber/zhnumber-utf8.cfg
File: zhnumber-utf8.cfg 2020/05/01 v2.8 Chinese numerals with UTF8 encoding
))
(c:/texlive/2021/texmf-dist/tex/latex/ctex/scheme/ctex-scheme-chinese.def
File: ctex-scheme-chinese.def 2021/03/14 v2.5.6 Chinese scheme for generic (CTE
X)

(c:/texlive/2021/texmf-dist/tex/latex/ctex/config/ctex-name-utf8.cfg
File: ctex-name-utf8.cfg 2021/03/14 v2.5.6 Caption with encoding UTF-8 (CTEX)
))
(c:/texlive/2021/texmf-dist/tex/latex/tools/indentfirst.sty
Package: indentfirst 1995/11/23 v1.03 Indent first paragraph (DPC)
)
(c:/texlive/2021/texmf-dist/tex/latex/ctex/fontset/ctex-fontset-windows.def
File: ctex-fontset-windows.def 2021/03/14 v2.5.6 Windows fonts definition (CTEX
)

Package fontspec Info: Could not resolve font "KaiTi/B" (it probably doesn't
(fontspec)             exist).


Package fontspec Info: Could not resolve font "SimHei/I" (it probably doesn't
(fontspec)             exist).


Package fontspec Info: Could not resolve font "SimSun/BI" (it probably doesn't
(fontspec)             exist).


Package fontspec Info: Font family 'SimSun(0)' created for font 'SimSun' with
(fontspec)             options
(fontspec)             [Script={CJK},BoldFont={SimHei},ItalicFont={KaiTi}].
(fontspec)              
(fontspec)              This font family consists of the following NFSS
(fontspec)             series/shapes:
(fontspec)              
(fontspec)             - 'normal' (m/n) with NFSS spec.:
(fontspec)             <->"SimSun/OT:script=hani;language=dflt;"
(fontspec)             - 'small caps'  (m/sc) with NFSS spec.: 
(fontspec)             - 'bold' (b/n) with NFSS spec.:
(fontspec)             <->"SimHei/OT:script=hani;language=dflt;"
(fontspec)             - 'bold small caps'  (b/sc) with NFSS spec.: 
(fontspec)             - 'italic' (m/it) with NFSS spec.:
(fontspec)             <->"KaiTi/OT:script=hani;language=dflt;"
(fontspec)             - 'italic small caps'  (m/scit) with NFSS spec.: 

))
(c:/texlive/2021/texmf-dist/tex/latex/ctex/config/ctex.cfg
File: ctex.cfg 2021/03/14 v2.5.6 Configuration file (CTEX)
)

Package xeCJK Warning: Redefining CJKfamily `\CJKrmdefault' (SimSun(0)).


Package fontspec Info: Could not resolve font "楷体/B" (it probably doesn't
(fontspec)             exist).


Package fontspec Info: Could not resolve font "黑体/I" (it probably doesn't
(fontspec)             exist).


Package fontspec Info: Font family '等线(0)' created for font '等线' with options
(fontspec)             [Script={CJK},BoldFont={黑体},ItalicFont={楷体}].
(fontspec)              
(fontspec)              This font family consists of the following NFSS
(fontspec)             series/shapes:
(fontspec)              
(fontspec)             - 'normal' (m/n) with NFSS spec.:
(fontspec)             <->"等线/OT:script=hani;language=dflt;"
(fontspec)             - 'small caps'  (m/sc) with NFSS spec.: 
(fontspec)             - 'bold' (b/n) with NFSS spec.:
(fontspec)             <->"黑体/OT:script=hani;language=dflt;"
(fontspec)             - 'bold small caps'  (b/sc) with NFSS spec.: 
(fontspec)             - 'italic' (m/it) with NFSS spec.:
(fontspec)             <->"楷体/OT:script=hani;language=dflt;"
(fontspec)             - 'italic small caps'  (m/scit) with NFSS spec.: 
(fontspec)             - 'bold italic' (b/it) with NFSS spec.:
(fontspec)             <->"等线/BI/OT:script=hani;language=dflt;"
(fontspec)             - 'bold italic small caps'  (b/scit) with NFSS spec.: 

(c:/texlive/2021/texmf-dist/tex/latex/amsfonts/amssymb.sty
Package: amssymb 2013/01/14 v3.01 AMS font symbols

(c:/texlive/2021/texmf-dist/tex/latex/amsfonts/amsfonts.sty
Package: amsfonts 2013/01/14 v3.01 Basic AMSFonts support
\@emptytoks=\toks15
\symAMSa=\mathgroup4
\symAMSb=\mathgroup5
LaTeX Font Info:    Redeclaring math symbol \hbar on input line 98.
LaTeX Font Info:    Overwriting math alphabet `\mathfrak' in version `bold'
(Font)                  U/euf/m/n --> U/euf/b/n on input line 106.
))
(c:/texlive/2021/texmf-dist/tex/latex/amsmath/amsmath.sty
Package: amsmath 2020/09/23 v2.17i AMS math features
\@mathmargin=\skip57

For additional information on amsmath, use the `?' option.
(c:/texlive/2021/texmf-dist/tex/latex/amsmath/amstext.sty
Package: amstext 2000/06/29 v2.01 AMS text

(c:/texlive/2021/texmf-dist/tex/latex/amsmath/amsgen.sty
File: amsgen.sty 1999/11/30 v2.0 generic functions
\@emptytoks=\toks16
\ex@=\dimen174
))
(c:/texlive/2021/texmf-dist/tex/latex/amsmath/amsbsy.sty
Package: amsbsy 1999/11/29 v1.2d Bold Symbols
\pmbraise@=\dimen175
)
(c:/texlive/2021/texmf-dist/tex/latex/amsmath/amsopn.sty
Package: amsopn 2016/03/08 v2.02 operator names
)
\inf@bad=\count283
LaTeX Info: Redefining \frac on input line 234.
\uproot@=\count284
\leftroot@=\count285
LaTeX Info: Redefining \overline on input line 399.
\classnum@=\count286
\DOTSCASE@=\count287
LaTeX Info: Redefining \ldots on input line 496.
LaTeX Info: Redefining \dots on input line 499.
LaTeX Info: Redefining \cdots on input line 620.
\Mathstrutbox@=\box50
\strutbox@=\box51
\big@size=\dimen176
LaTeX Font Info:    Redeclaring font encoding OML on input line 743.
LaTeX Font Info:    Redeclaring font encoding OMS on input line 744.
\macc@depth=\count288
\c@MaxMatrixCols=\count289
\dotsspace@=\muskip17
\c@parentequation=\count290
\dspbrk@lvl=\count291
\tag@help=\toks17
\row@=\count292
\column@=\count293
\maxfields@=\count294
\andhelp@=\toks18
\eqnshift@=\dimen177
\alignsep@=\dimen178
\tagshift@=\dimen179
\tagwidth@=\dimen180
\totwidth@=\dimen181
\lineht@=\dimen182
\@envbody=\toks19
\multlinegap=\skip58
\multlinetaggap=\skip59
\mathdisplay@stack=\toks20
LaTeX Info: Redefining \[ on input line 2923.
LaTeX Info: Redefining \] on input line 2924.
)
(c:/texlive/2021/texmf-dist/tex/latex/amscls/amsthm.sty
Package: amsthm 2020/05/29 v2.20.6
\thm@style=\toks21
\thm@bodyfont=\toks22
\thm@headfont=\toks23
\thm@notefont=\toks24
\thm@headpunct=\toks25
\thm@preskip=\skip60
\thm@postskip=\skip61
\thm@headsep=\skip62
\dth@everypar=\toks26
)
(c:/texlive/2021/texmf-dist/tex/latex/jknapltx/mathrsfs.sty
Package: mathrsfs 1996/01/01 Math RSFS package v1.0 (jk)
\symrsfs=\mathgroup6
)
(c:/texlive/2021/texmf-dist/tex/latex/doublestroke/dsfont.sty
Package: dsfont 1995/08/01 v0.1 Double stroke roman fonts
)
(c:/texlive/2021/texmf-dist/tex/latex/graphics/graphicx.sty
Package: graphicx 2020/09/09 v1.2b Enhanced LaTeX Graphics (DPC,SPQR)

(c:/texlive/2021/texmf-dist/tex/latex/graphics/keyval.sty
Package: keyval 2014/10/28 v1.15 key=value parser (DPC)
\KV@toks@=\toks27
)
(c:/texlive/2021/texmf-dist/tex/latex/graphics/graphics.sty
Package: graphics 2020/08/30 v1.4c Standard LaTeX Graphics (DPC,SPQR)

(c:/texlive/2021/texmf-dist/tex/latex/graphics/trig.sty
Package: trig 2016/01/03 v1.10 sin cos tan (DPC)
)
(c:/texlive/2021/texmf-dist/tex/latex/graphics-cfg/graphics.cfg
File: graphics.cfg 2016/06/04 v1.11 sample graphics configuration
)
Package graphics Info: Driver file: xetex.def on input line 105.

(c:/texlive/2021/texmf-dist/tex/latex/graphics-def/xetex.def
File: xetex.def 2021/03/18 v5.0k Graphics/color driver for xetex
))
\Gin@req@height=\dimen183
\Gin@req@width=\dimen184
)
(c:/texlive/2021/texmf-dist/tex/latex/base/ifthen.sty
Package: ifthen 2014/09/29 v1.1c Standard LaTeX ifthen package (DPC)
)
(c:/texlive/2021/texmf-dist/tex/latex/tools/enumerate.sty
Package: enumerate 2015/07/23 v3.00 enumerate extensions (DPC)
\@enLab=\toks28
)
(c:/texlive/2021/texmf-dist/tex/latex/graphics/color.sty
Package: color 2020/02/24 v1.2b Standard LaTeX Color (DPC)

(c:/texlive/2021/texmf-dist/tex/latex/graphics-cfg/color.cfg
File: color.cfg 2016/01/02 v1.6 sample color configuration
)
Package color Info: Driver file: xetex.def on input line 147.
)
(c:/texlive/2021/texmf-dist/tex/latex/titlesec/titletoc.sty
Package: titletoc 2019/10/16 v2.13 TOC entries
\ttl@leftsep=\dimen185
)
(c:/texlive/2021/texmf-dist/tex/latex/pgf/frontendlayer/tikz.sty
(c:/texlive/2021/texmf-dist/tex/latex/pgf/basiclayer/pgf.sty
(c:/texlive/2021/texmf-dist/tex/latex/pgf/utilities/pgfrcs.sty
(c:/texlive/2021/texmf-dist/tex/generic/pgf/utilities/pgfutil-common.tex
\pgfutil@everybye=\toks29
\pgfutil@tempdima=\dimen186
\pgfutil@tempdimb=\dimen187

(c:/texlive/2021/texmf-dist/tex/generic/pgf/utilities/pgfutil-common-lists.tex)
) (c:/texlive/2021/texmf-dist/tex/generic/pgf/utilities/pgfutil-latex.def
\pgfutil@abb=\box52
)
(c:/texlive/2021/texmf-dist/tex/generic/pgf/utilities/pgfrcs.code.tex
(c:/texlive/2021/texmf-dist/tex/generic/pgf/pgf.revision.tex)
Package: pgfrcs 2020/12/27 v3.1.8b (3.1.8b)
))
Package: pgf 2020/12/27 v3.1.8b (3.1.8b)

(c:/texlive/2021/texmf-dist/tex/latex/pgf/basiclayer/pgfcore.sty
(c:/texlive/2021/texmf-dist/tex/latex/pgf/systemlayer/pgfsys.sty
(c:/texlive/2021/texmf-dist/tex/generic/pgf/systemlayer/pgfsys.code.tex
Package: pgfsys 2020/12/27 v3.1.8b (3.1.8b)

(c:/texlive/2021/texmf-dist/tex/generic/pgf/utilities/pgfkeys.code.tex
\pgfkeys@pathtoks=\toks30
\pgfkeys@temptoks=\toks31

(c:/texlive/2021/texmf-dist/tex/generic/pgf/utilities/pgfkeysfiltered.code.tex
\pgfkeys@tmptoks=\toks32
))
\pgf@x=\dimen188
\pgf@y=\dimen189
\pgf@xa=\dimen190
\pgf@ya=\dimen191
\pgf@xb=\dimen192
\pgf@yb=\dimen193
\pgf@xc=\dimen194
\pgf@yc=\dimen195
\pgf@xd=\dimen196
\pgf@yd=\dimen197
\w@pgf@writea=\write3
\r@pgf@reada=\read2
\c@pgf@counta=\count295
\c@pgf@countb=\count296
\c@pgf@countc=\count297
\c@pgf@countd=\count298
\t@pgf@toka=\toks33
\t@pgf@tokb=\toks34
\t@pgf@tokc=\toks35
\pgf@sys@id@count=\count299
 (c:/texlive/2021/texmf-dist/tex/generic/pgf/systemlayer/pgf.cfg
File: pgf.cfg 2020/12/27 v3.1.8b (3.1.8b)
)
Driver file for pgf: pgfsys-xetex.def

(c:/texlive/2021/texmf-dist/tex/generic/pgf/systemlayer/pgfsys-xetex.def
File: pgfsys-xetex.def 2020/12/27 v3.1.8b (3.1.8b)

(c:/texlive/2021/texmf-dist/tex/generic/pgf/systemlayer/pgfsys-dvipdfmx.def
File: pgfsys-dvipdfmx.def 2020/12/27 v3.1.8b (3.1.8b)

(c:/texlive/2021/texmf-dist/tex/generic/pgf/systemlayer/pgfsys-common-pdf.def
File: pgfsys-common-pdf.def 2020/12/27 v3.1.8b (3.1.8b)
)
\pgfsys@objnum=\count300
)))
(c:/texlive/2021/texmf-dist/tex/generic/pgf/systemlayer/pgfsyssoftpath.code.tex
File: pgfsyssoftpath.code.tex 2020/12/27 v3.1.8b (3.1.8b)
\pgfsyssoftpath@smallbuffer@items=\count301
\pgfsyssoftpath@bigbuffer@items=\count302
)
(c:/texlive/2021/texmf-dist/tex/generic/pgf/systemlayer/pgfsysprotocol.code.tex
File: pgfsysprotocol.code.tex 2020/12/27 v3.1.8b (3.1.8b)
)) (c:/texlive/2021/texmf-dist/tex/latex/xcolor/xcolor.sty
Package: xcolor 2016/05/11 v2.12 LaTeX color extensions (UK)

(c:/texlive/2021/texmf-dist/tex/latex/graphics-cfg/color.cfg
File: color.cfg 2016/01/02 v1.6 sample color configuration
)
Package xcolor Info: Driver file: xetex.def on input line 225.
LaTeX Info: Redefining \color on input line 709.
Package xcolor Info: Model `cmy' substituted by `cmy0' on input line 1348.
Package xcolor Info: Model `RGB' extended on input line 1364.
Package xcolor Info: Model `HTML' substituted by `rgb' on input line 1366.
Package xcolor Info: Model `Hsb' substituted by `hsb' on input line 1367.
Package xcolor Info: Model `tHsb' substituted by `hsb' on input line 1368.
Package xcolor Info: Model `HSB' substituted by `hsb' on input line 1369.
Package xcolor Info: Model `Gray' substituted by `gray' on input line 1370.
Package xcolor Info: Model `wave' substituted by `hsb' on input line 1371.
)
(c:/texlive/2021/texmf-dist/tex/generic/pgf/basiclayer/pgfcore.code.tex
Package: pgfcore 2020/12/27 v3.1.8b (3.1.8b)

(c:/texlive/2021/texmf-dist/tex/generic/pgf/math/pgfmath.code.tex
(c:/texlive/2021/texmf-dist/tex/generic/pgf/math/pgfmathcalc.code.tex
(c:/texlive/2021/texmf-dist/tex/generic/pgf/math/pgfmathutil.code.tex)
(c:/texlive/2021/texmf-dist/tex/generic/pgf/math/pgfmathparser.code.tex
\pgfmath@dimen=\dimen198
\pgfmath@count=\count303
\pgfmath@box=\box53
\pgfmath@toks=\toks36
\pgfmath@stack@operand=\toks37
\pgfmath@stack@operation=\toks38
)
(c:/texlive/2021/texmf-dist/tex/generic/pgf/math/pgfmathfunctions.code.tex
(c:/texlive/2021/texmf-dist/tex/generic/pgf/math/pgfmathfunctions.basic.code.te
x)
(c:/texlive/2021/texmf-dist/tex/generic/pgf/math/pgfmathfunctions.trigonometric
.code.tex)
(c:/texlive/2021/texmf-dist/tex/generic/pgf/math/pgfmathfunctions.random.code.t
ex)
(c:/texlive/2021/texmf-dist/tex/generic/pgf/math/pgfmathfunctions.comparison.co
de.tex)
(c:/texlive/2021/texmf-dist/tex/generic/pgf/math/pgfmathfunctions.base.code.tex
)
(c:/texlive/2021/texmf-dist/tex/generic/pgf/math/pgfmathfunctions.round.code.te
x)
(c:/texlive/2021/texmf-dist/tex/generic/pgf/math/pgfmathfunctions.misc.code.tex
)
(c:/texlive/2021/texmf-dist/tex/generic/pgf/math/pgfmathfunctions.integerarithm
etics.code.tex)))
(c:/texlive/2021/texmf-dist/tex/generic/pgf/math/pgfmathfloat.code.tex
\c@pgfmathroundto@lastzeros=\count304
))
(c:/texlive/2021/texmf-dist/tex/generic/pgf/math/pgfint.code.tex)
(c:/texlive/2021/texmf-dist/tex/generic/pgf/basiclayer/pgfcorepoints.code.tex
File: pgfcorepoints.code.tex 2020/12/27 v3.1.8b (3.1.8b)
\pgf@picminx=\dimen199
\pgf@picmaxx=\dimen256
\pgf@picminy=\dimen257
\pgf@picmaxy=\dimen258
\pgf@pathminx=\dimen259
\pgf@pathmaxx=\dimen260
\pgf@pathminy=\dimen261
\pgf@pathmaxy=\dimen262
\pgf@xx=\dimen263
\pgf@xy=\dimen264
\pgf@yx=\dimen265
\pgf@yy=\dimen266
\pgf@zx=\dimen267
\pgf@zy=\dimen268
)
(c:/texlive/2021/texmf-dist/tex/generic/pgf/basiclayer/pgfcorepathconstruct.cod
e.tex
File: pgfcorepathconstruct.code.tex 2020/12/27 v3.1.8b (3.1.8b)
\pgf@path@lastx=\dimen269
\pgf@path@lasty=\dimen270
)
(c:/texlive/2021/texmf-dist/tex/generic/pgf/basiclayer/pgfcorepathusage.code.te
x
File: pgfcorepathusage.code.tex 2020/12/27 v3.1.8b (3.1.8b)
\pgf@shorten@end@additional=\dimen271
\pgf@shorten@start@additional=\dimen272
)
(c:/texlive/2021/texmf-dist/tex/generic/pgf/basiclayer/pgfcorescopes.code.tex
File: pgfcorescopes.code.tex 2020/12/27 v3.1.8b (3.1.8b)
\pgfpic=\box54
\pgf@hbox=\box55
\pgf@layerbox@main=\box56
\pgf@picture@serial@count=\count305
)
(c:/texlive/2021/texmf-dist/tex/generic/pgf/basiclayer/pgfcoregraphicstate.code
.tex
File: pgfcoregraphicstate.code.tex 2020/12/27 v3.1.8b (3.1.8b)
\pgflinewidth=\dimen273
)
(c:/texlive/2021/texmf-dist/tex/generic/pgf/basiclayer/pgfcoretransformations.c
ode.tex
File: pgfcoretransformations.code.tex 2020/12/27 v3.1.8b (3.1.8b)
\pgf@pt@x=\dimen274
\pgf@pt@y=\dimen275
\pgf@pt@temp=\dimen276
)
(c:/texlive/2021/texmf-dist/tex/generic/pgf/basiclayer/pgfcorequick.code.tex
File: pgfcorequick.code.tex 2020/12/27 v3.1.8b (3.1.8b)
)
(c:/texlive/2021/texmf-dist/tex/generic/pgf/basiclayer/pgfcoreobjects.code.tex
File: pgfcoreobjects.code.tex 2020/12/27 v3.1.8b (3.1.8b)
)
(c:/texlive/2021/texmf-dist/tex/generic/pgf/basiclayer/pgfcorepathprocessing.co
de.tex
File: pgfcorepathprocessing.code.tex 2020/12/27 v3.1.8b (3.1.8b)
)
(c:/texlive/2021/texmf-dist/tex/generic/pgf/basiclayer/pgfcorearrows.code.tex
File: pgfcorearrows.code.tex 2020/12/27 v3.1.8b (3.1.8b)
\pgfarrowsep=\dimen277
)
(c:/texlive/2021/texmf-dist/tex/generic/pgf/basiclayer/pgfcoreshade.code.tex
File: pgfcoreshade.code.tex 2020/12/27 v3.1.8b (3.1.8b)
\pgf@max=\dimen278
\pgf@sys@shading@range@num=\count306
\pgf@shadingcount=\count307
)
(c:/texlive/2021/texmf-dist/tex/generic/pgf/basiclayer/pgfcoreimage.code.tex
File: pgfcoreimage.code.tex 2020/12/27 v3.1.8b (3.1.8b)

(c:/texlive/2021/texmf-dist/tex/generic/pgf/basiclayer/pgfcoreexternal.code.tex
File: pgfcoreexternal.code.tex 2020/12/27 v3.1.8b (3.1.8b)
\pgfexternal@startupbox=\box57
))
(c:/texlive/2021/texmf-dist/tex/generic/pgf/basiclayer/pgfcorelayers.code.tex
File: pgfcorelayers.code.tex 2020/12/27 v3.1.8b (3.1.8b)
)
(c:/texlive/2021/texmf-dist/tex/generic/pgf/basiclayer/pgfcoretransparency.code
.tex
File: pgfcoretransparency.code.tex 2020/12/27 v3.1.8b (3.1.8b)
)
(c:/texlive/2021/texmf-dist/tex/generic/pgf/basiclayer/pgfcorepatterns.code.tex
File: pgfcorepatterns.code.tex 2020/12/27 v3.1.8b (3.1.8b)
) (c:/texlive/2021/texmf-dist/tex/generic/pgf/basiclayer/pgfcorerdf.code.tex
File: pgfcorerdf.code.tex 2020/12/27 v3.1.8b (3.1.8b)
))) (c:/texlive/2021/texmf-dist/tex/generic/pgf/modules/pgfmoduleshapes.code.te
x
File: pgfmoduleshapes.code.tex 2020/12/27 v3.1.8b (3.1.8b)
\pgfnodeparttextbox=\box58
)
(c:/texlive/2021/texmf-dist/tex/generic/pgf/modules/pgfmoduleplot.code.tex
File: pgfmoduleplot.code.tex 2020/12/27 v3.1.8b (3.1.8b)
)
(c:/texlive/2021/texmf-dist/tex/latex/pgf/compatibility/pgfcomp-version-0-65.st
y
Package: pgfcomp-version-0-65 2020/12/27 v3.1.8b (3.1.8b)
\pgf@nodesepstart=\dimen279
\pgf@nodesepend=\dimen280
)
(c:/texlive/2021/texmf-dist/tex/latex/pgf/compatibility/pgfcomp-version-1-18.st
y
Package: pgfcomp-version-1-18 2020/12/27 v3.1.8b (3.1.8b)
)) (c:/texlive/2021/texmf-dist/tex/latex/pgf/utilities/pgffor.sty
(c:/texlive/2021/texmf-dist/tex/latex/pgf/utilities/pgfkeys.sty
(c:/texlive/2021/texmf-dist/tex/generic/pgf/utilities/pgfkeys.code.tex))
(c:/texlive/2021/texmf-dist/tex/latex/pgf/math/pgfmath.sty
(c:/texlive/2021/texmf-dist/tex/generic/pgf/math/pgfmath.code.tex))
(c:/texlive/2021/texmf-dist/tex/generic/pgf/utilities/pgffor.code.tex
Package: pgffor 2020/12/27 v3.1.8b (3.1.8b)

(c:/texlive/2021/texmf-dist/tex/generic/pgf/math/pgfmath.code.tex)
\pgffor@iter=\dimen281
\pgffor@skip=\dimen282
\pgffor@stack=\toks39
\pgffor@toks=\toks40
))
(c:/texlive/2021/texmf-dist/tex/generic/pgf/frontendlayer/tikz/tikz.code.tex
Package: tikz 2020/12/27 v3.1.8b (3.1.8b)

(c:/texlive/2021/texmf-dist/tex/generic/pgf/libraries/pgflibraryplothandlers.co
de.tex
File: pgflibraryplothandlers.code.tex 2020/12/27 v3.1.8b (3.1.8b)
\pgf@plot@mark@count=\count308
\pgfplotmarksize=\dimen283
)
\tikz@lastx=\dimen284
\tikz@lasty=\dimen285
\tikz@lastxsaved=\dimen286
\tikz@lastysaved=\dimen287
\tikz@lastmovetox=\dimen288
\tikz@lastmovetoy=\dimen289
\tikzleveldistance=\dimen290
\tikzsiblingdistance=\dimen291
\tikz@figbox=\box59
\tikz@figbox@bg=\box60
\tikz@tempbox=\box61
\tikz@tempbox@bg=\box62
\tikztreelevel=\count309
\tikznumberofchildren=\count310
\tikznumberofcurrentchild=\count311
\tikz@fig@count=\count312

(c:/texlive/2021/texmf-dist/tex/generic/pgf/modules/pgfmodulematrix.code.tex
File: pgfmodulematrix.code.tex 2020/12/27 v3.1.8b (3.1.8b)
\pgfmatrixcurrentrow=\count313
\pgfmatrixcurrentcolumn=\count314
\pgf@matrix@numberofcolumns=\count315
)
\tikz@expandcount=\count316

(c:/texlive/2021/texmf-dist/tex/generic/pgf/frontendlayer/tikz/libraries/tikzli
brarytopaths.code.tex
File: tikzlibrarytopaths.code.tex 2020/12/27 v3.1.8b (3.1.8b)
)))
(c:/texlive/2021/texmf-dist/tex/latex/tools/multicol.sty
Package: multicol 2019/12/09 v1.8y multicolumn formatting (FMi)
\c@tracingmulticols=\count317
\mult@box=\box63
\multicol@leftmargin=\dimen292
\c@unbalance=\count318
\c@collectmore=\count319
\doublecol@number=\count320
\multicoltolerance=\count321
\multicolpretolerance=\count322
\full@width=\dimen293
\page@free=\dimen294
\premulticols=\dimen295
\postmulticols=\dimen296
\multicolsep=\skip63
\multicolbaselineskip=\skip64
\partial@page=\box64
\last@line=\box65
\maxbalancingoverflow=\dimen297
\mult@rightbox=\box66
\mult@grightbox=\box67
\mult@gfirstbox=\box68
\mult@firstbox=\box69
\@tempa=\box70
\@tempa=\box71
\@tempa=\box72
\@tempa=\box73
\@tempa=\box74
\@tempa=\box75
\@tempa=\box76
\@tempa=\box77
\@tempa=\box78
\@tempa=\box79
\@tempa=\box80
\@tempa=\box81
\@tempa=\box82
\@tempa=\box83
\@tempa=\box84
\@tempa=\box85
\@tempa=\box86
\@tempa=\box87
\@tempa=\box88
\@tempa=\box89
\@tempa=\box90
\@tempa=\box91
\@tempa=\box92
\@tempa=\box93
\@tempa=\box94
\@tempa=\box95
\@tempa=\box96
\@tempa=\box97
\@tempa=\box98
\@tempa=\box99
\@tempa=\box100
\@tempa=\box101
\@tempa=\box102
\@tempa=\box103
\@tempa=\box104
\@tempa=\box105
\@tempa=\box106
\c@minrows=\count323
\c@columnbadness=\count324
\c@finalcolumnbadness=\count325
\last@try=\dimen298
\multicolovershoot=\dimen299
\multicolundershoot=\dimen300
\mult@nat@firstbox=\box107
\colbreak@box=\box108
\mc@col@check@num=\count326
)
(c:/texlive/2021/texmf-dist/tex/latex/makecell/makecell.sty
Package: makecell 2009/08/03 V0.1e Managing of Tab Column Heads and Cells

(c:/texlive/2021/texmf-dist/tex/latex/tools/array.sty
Package: array 2020/10/01 v2.5c Tabular extension package (FMi)
\col@sep=\dimen301
\ar@mcellbox=\box109
\extrarowheight=\dimen302
\NC@list=\toks41
\extratabsurround=\skip65
\backup@length=\skip66
\ar@cellbox=\box110
)
\rotheadsize=\dimen303
\c@nlinenum=\count327
\TeXr@lab=\toks42
)
(c:/texlive/2021/texmf-dist/tex/generic/pgf/frontendlayer/tikz/libraries/tikzli
braryarrows.code.tex
File: tikzlibraryarrows.code.tex 2020/12/27 v3.1.8b (3.1.8b)

(c:/texlive/2021/texmf-dist/tex/generic/pgf/libraries/pgflibraryarrows.code.tex
File: pgflibraryarrows.code.tex 2020/12/27 v3.1.8b (3.1.8b)
\arrowsize=\dimen304
))
(c:/texlive/2021/texmf-dist/tex/generic/pgf/frontendlayer/tikz/libraries/tikzli
brarycalc.code.tex
File: tikzlibrarycalc.code.tex 2020/12/27 v3.1.8b (3.1.8b)
)
(c:/texlive/2021/texmf-dist/tex/generic/pgf/frontendlayer/tikz/libraries/tikzli
braryintersections.code.tex
(c:/texlive/2021/texmf-dist/tex/generic/pgf/libraries/pgflibraryintersections.c
ode.tex
(c:/texlive/2021/texmf-dist/tex/generic/pgf/libraries/pgflibraryfpu.code.tex)
\pgf@intersect@solutions=\count328
))
(c:/texlive/2021/texmf-dist/tex/generic/pgf/frontendlayer/tikz/libraries/tikzli
brarypatterns.code.tex
File: tikzlibrarypatterns.code.tex 2020/12/27 v3.1.8b (3.1.8b)

(c:/texlive/2021/texmf-dist/tex/generic/pgf/libraries/pgflibrarypatterns.code.t
ex
File: pgflibrarypatterns.code.tex 2020/12/27 v3.1.8b (3.1.8b)
)) (c:/texlive/2021/texmf-dist/tex/latex/titlesec/titlesec.sty
Package: titlesec 2019/10/16 v2.13 Sectioning titles
\ttl@box=\box111
\beforetitleunit=\skip67
\aftertitleunit=\skip68
\ttl@plus=\dimen305
\ttl@minus=\dimen306
\ttl@toksa=\toks43
\titlewidth=\dimen307
\titlewidthlast=\dimen308
\titlewidthfirst=\dimen309

(c:/texlive/2021/texmf-dist/tex/latex/titlesec/titleps.sty))
(c:/texlive/2021/texmf-dist/tex/latex/geometry/geometry.sty
Package: geometry 2020/01/02 v5.9 Page Geometry

(c:/texlive/2021/texmf-dist/tex/generic/iftex/ifvtex.sty
Package: ifvtex 2019/10/25 v1.7 ifvtex legacy package. Use iftex instead.

(c:/texlive/2021/texmf-dist/tex/generic/iftex/iftex.sty
Package: iftex 2020/03/06 v1.0d TeX engine tests
))
\Gm@cnth=\count329
\Gm@cntv=\count330
\c@Gm@tempcnt=\count331
\Gm@bindingoffset=\dimen310
\Gm@wd@mp=\dimen311
\Gm@odd@mp=\dimen312
\Gm@even@mp=\dimen313
\Gm@layoutwidth=\dimen314
\Gm@layoutheight=\dimen315
\Gm@layouthoffset=\dimen316
\Gm@layoutvoffset=\dimen317
\Gm@dimlist=\toks44
)
\c@defi=\count332
\c@eg=\count333
\c@ex=\count334
\c@rem=\count335
\c@thm=\count336
\c@coro=\count337
\c@axiom=\count338
\c@prop=\count339
 (./to_compile.aux
(./problems_file.aux))
\openout1 = `to_compile.aux'.

LaTeX Font Info:    Checking defaults for OML/cmm/m/it on input line 43.
LaTeX Font Info:    ... okay on input line 43.
LaTeX Font Info:    Checking defaults for OMS/cmsy/m/n on input line 43.
LaTeX Font Info:    ... okay on input line 43.
LaTeX Font Info:    Checking defaults for OT1/cmr/m/n on input line 43.
LaTeX Font Info:    ... okay on input line 43.
LaTeX Font Info:    Checking defaults for T1/cmr/m/n on input line 43.
LaTeX Font Info:    ... okay on input line 43.
LaTeX Font Info:    Checking defaults for TS1/cmr/m/n on input line 43.
LaTeX Font Info:    ... okay on input line 43.
LaTeX Font Info:    Checking defaults for TU/lmr/m/n on input line 43.
LaTeX Font Info:    ... okay on input line 43.
LaTeX Font Info:    Checking defaults for OMX/cmex/m/n on input line 43.
LaTeX Font Info:    ... okay on input line 43.
LaTeX Font Info:    Checking defaults for U/cmr/m/n on input line 43.
LaTeX Font Info:    ... okay on input line 43.
 ABD: EverySelectfont initializing macros
LaTeX Info: Redefining \selectfont on input line 43.

Package fontspec Info: Adjusting the maths setup (use [no-math] to avoid
(fontspec)             this).

\symlegacymaths=\mathgroup7
LaTeX Font Info:    Overwriting symbol font `legacymaths' in version `bold'
(Font)                  OT1/cmr/m/n --> OT1/cmr/bx/n on input line 43.
LaTeX Font Info:    Redeclaring math accent \acute on input line 43.
LaTeX Font Info:    Redeclaring math accent \grave on input line 43.
LaTeX Font Info:    Redeclaring math accent \ddot on input line 43.
LaTeX Font Info:    Redeclaring math accent \tilde on input line 43.
LaTeX Font Info:    Redeclaring math accent \bar on input line 43.
LaTeX Font Info:    Redeclaring math accent \breve on input line 43.
LaTeX Font Info:    Redeclaring math accent \check on input line 43.
LaTeX Font Info:    Redeclaring math accent \hat on input line 43.
LaTeX Font Info:    Redeclaring math accent \dot on input line 43.
LaTeX Font Info:    Redeclaring math accent \mathring on input line 43.
LaTeX Font Info:    Redeclaring math symbol \Gamma on input line 43.
LaTeX Font Info:    Redeclaring math symbol \Delta on input line 43.
LaTeX Font Info:    Redeclaring math symbol \Theta on input line 43.
LaTeX Font Info:    Redeclaring math symbol \Lambda on input line 43.
LaTeX Font Info:    Redeclaring math symbol \Xi on input line 43.
LaTeX Font Info:    Redeclaring math symbol \Pi on input line 43.
LaTeX Font Info:    Redeclaring math symbol \Sigma on input line 43.
LaTeX Font Info:    Redeclaring math symbol \Upsilon on input line 43.
LaTeX Font Info:    Redeclaring math symbol \Phi on input line 43.
LaTeX Font Info:    Redeclaring math symbol \Psi on input line 43.
LaTeX Font Info:    Redeclaring math symbol \Omega on input line 43.
LaTeX Font Info:    Redeclaring math symbol \mathdollar on input line 43.
LaTeX Font Info:    Redeclaring symbol font `operators' on input line 43.
LaTeX Font Info:    Encoding `OT1' has changed to `TU' for symbol font
(Font)              `operators' in the math version `normal' on input line 43.
LaTeX Font Info:    Overwriting symbol font `operators' in version `normal'
(Font)                  OT1/cmr/m/n --> TU/lmr/m/n on input line 43.
LaTeX Font Info:    Encoding `OT1' has changed to `TU' for symbol font
(Font)              `operators' in the math version `bold' on input line 43.
LaTeX Font Info:    Overwriting symbol font `operators' in version `bold'
(Font)                  OT1/cmr/bx/n --> TU/lmr/m/n on input line 43.
LaTeX Font Info:    Overwriting symbol font `operators' in version `normal'
(Font)                  TU/lmr/m/n --> TU/lmr/m/n on input line 43.
LaTeX Font Info:    Overwriting math alphabet `\mathit' in version `normal'
(Font)                  OT1/cmr/m/it --> TU/lmr/m/it on input line 43.
LaTeX Font Info:    Overwriting math alphabet `\mathbf' in version `normal'
(Font)                  OT1/cmr/bx/n --> TU/lmr/b/n on input line 43.
LaTeX Font Info:    Overwriting math alphabet `\mathsf' in version `normal'
(Font)                  OT1/cmss/m/n --> TU/lmss/m/n on input line 43.
LaTeX Font Info:    Overwriting math alphabet `\mathtt' in version `normal'
(Font)                  OT1/cmtt/m/n --> TU/lmtt/m/n on input line 43.
LaTeX Font Info:    Overwriting symbol font `operators' in version `bold'
(Font)                  TU/lmr/m/n --> TU/lmr/b/n on input line 43.
LaTeX Font Info:    Overwriting math alphabet `\mathit' in version `bold'
(Font)                  OT1/cmr/bx/it --> TU/lmr/b/it on input line 43.
LaTeX Font Info:    Overwriting math alphabet `\mathsf' in version `bold'
(Font)                  OT1/cmss/bx/n --> TU/lmss/b/n on input line 43.
LaTeX Font Info:    Overwriting math alphabet `\mathtt' in version `bold'
(Font)                  OT1/cmtt/m/n --> TU/lmtt/b/n on input line 43.

*geometry* driver: auto-detecting
*geometry* detected driver: xetex
*geometry* verbose mode - [ preamble ] result:
* driver: xetex
* paper: a4paper
* layout: <same size as paper>
* layoutoffset:(h,v)=(0.0pt,0.0pt)
* modes: 
* h-part:(L,W,R)=(57.81621pt, 481.87546pt, 57.81621pt)
* v-part:(T,H,B)=(72.26999pt, 700.50687pt, 72.26999pt)
* \paperwidth=597.50787pt
* \paperheight=845.04684pt
* \textwidth=481.87546pt
* \textheight=700.50687pt
* \oddsidemargin=-14.45378pt
* \evensidemargin=-14.45378pt
* \topmargin=-37.0pt
* \headheight=12.0pt
* \headsep=25.0pt
* \topskip=10.0pt
* \footskip=30.0pt
* \marginparwidth=57.0pt
* \marginparsep=11.0pt
* \columnsep=10.0pt
* \skip\footins=9.0pt plus 4.0pt minus 2.0pt
* \hoffset=0.0pt
* \voffset=0.0pt
* \mag=1000
* \@twocolumnfalse
* \@twosidefalse
* \@mparswitchfalse
* \@reversemarginfalse
* (1in=72.27pt=25.4mm, 1cm=28.453pt)

\openout2 = `problems_file.aux'.

(./problems_file.tex
LaTeX Font Info:    Trying to load font information for U+msa on input line 6.
 (c:/texlive/2021/texmf-dist/tex/latex/amsfonts/umsa.fd
File: umsa.fd 2013/01/14 v3.01 AMS symbols A
)
LaTeX Font Info:    Trying to load font information for U+msb on input line 6.

(c:/texlive/2021/texmf-dist/tex/latex/amsfonts/umsb.fd
File: umsb.fd 2013/01/14 v3.01 AMS symbols B
)
LaTeX Font Info:    Trying to load font information for U+rsfs on input line 6.


(c:/texlive/2021/texmf-dist/tex/latex/jknapltx/ursfs.fd
File: ursfs.fd 1998/03/24 rsfs font definition file (jk)
)
Overfull \hbox (22.22168pt too wide) in paragraph at lines 15--16
[][] 
 []


Overfull \hbox (22.22168pt too wide) in paragraph at lines 18--19
[][] 
 []

[1


] [2] [3]
Overfull \hbox (22.22168pt too wide) in paragraph at lines 113--115
[][]
 []

[4]
Underfull \hbox (badness 10000) in paragraph at lines 122--126

 []


Overfull \hbox (22.22168pt too wide) in paragraph at lines 127--128
[][] 
 []

[5]
Overfull \hbox (22.22168pt too wide) in paragraph at lines 142--180
[][]
 []


Overfull \hbox (22.22168pt too wide) in paragraph at lines 180--181
[][] 
 []


Overfull \hbox (22.22168pt too wide) in paragraph at lines 198--240
[][]
 []


Overfull \hbox (22.22168pt too wide) in paragraph at lines 240--241
[][] 
 []

[6] [7]
Overfull \hbox (22.22168pt too wide) in paragraph at lines 276--278
[][]
 []


Overfull \hbox (22.22168pt too wide) in paragraph at lines 278--279
[][] 
 []

[8]
Overfull \hbox (22.22168pt too wide) in paragraph at lines 298--303
[][]
 []


Underfull \hbox (badness 10000) in paragraph at lines 304--307

 []

[9]
LaTeX Font Info:    Trying to load font information for OMS+lmr on input line 3
31.
 (c:/texlive/2021/texmf-dist/tex/latex/lm/omslmr.fd
File: omslmr.fd 2015/05/01 v1.6.1 Font defs for Latin Modern
)
LaTeX Font Info:    Trying to load font information for OMS+lmsy on input line 
331.

(c:/texlive/2021/texmf-dist/tex/latex/lm/omslmsy.fd
File: omslmsy.fd 2015/05/01 v1.6.1 Font defs for Latin Modern
)
LaTeX Font Info:    Font shape `OMS/lmr/m/n' in size <10> not available
(Font)              Font shape `OMS/lmsy/m/n' tried instead on input line 331.
 [10]
Missing character: There is no ; ("3B) in font nullfont!
 [11] [12]
Missing character: There is no ; ("3B) in font nullfont!
Missing character: There is no ; ("3B) in font nullfont!
 [13]
[14]
Overfull \hbox (22.22168pt too wide) in paragraph at lines 522--524
[][]
 []


Overfull \hbox (22.22168pt too wide) in paragraph at lines 524--525
[][] 
 []

[15]
Overfull \hbox (22.22168pt too wide) in paragraph at lines 550--551
[][] 
 []

[16]
Underfull \hbox (badness 10000) in paragraph at lines 569--571

 []

[17] [18] [19]
Overfull \hbox (22.22168pt too wide) in paragraph at lines 758--759
[][] 
 []

[20] [21] [22] [23] [24]
Overfull \hbox (22.22168pt too wide) in paragraph at lines 917--918
[][] 
 []

[25] [26] [27] [28] [29] [30] [31] [32] [33]
Overfull \hbox (22.22168pt too wide) in paragraph at lines 1212--1214
[][]
 []


Overfull \hbox (22.22168pt too wide) in paragraph at lines 1214--1215
[][] 
 []


Overfull \hbox (22.22168pt too wide) in paragraph at lines 1227--1229
[][]
 []


Overfull \hbox (22.22168pt too wide) in paragraph at lines 1229--1230
[][] 
 []

[34] [35] [36] [37]
Underfull \hbox (badness 10000) in paragraph at lines 1349--1350

 []

[38]
Overfull \hbox (22.22168pt too wide) in paragraph at lines 1384--1385
[][] 
 []


Overfull \hbox (22.22168pt too wide) in paragraph at lines 1386--1387
[][] 
 []

[39] [40] [41] [42] [43] [44] [45] [46] [47] [48] [49] [50] [51]
Missing character: There is no ; ("3B) in font nullfont!
Missing character: There is no ; ("3B) in font nullfont!
Missing character: There is no ; ("3B) in font nullfont!
Missing character: There is no ; ("3B) in font nullfont!
Missing character: There is no ; ("3B) in font nullfont!
Missing character: There is no ; ("3B) in font nullfont!

Overfull \hbox (22.92969pt too wide) in paragraph at lines 1829--1887
[]
 []


Overfull \hbox (22.92969pt too wide) in paragraph at lines 1829--1887
[]
 []


Overfull \hbox (22.92969pt too wide) in paragraph at lines 1829--1887
[] 
 []

[52]
Missing character: There is no ; ("3B) in font nullfont!
Missing character: There is no ; ("3B) in font nullfont!

Overfull \hbox (7.11055pt too wide) in paragraph at lines 1887--1897
[] 
 []

[53] [54] [55]
Missing character: There is no ; ("3B) in font nullfont!
 [56]
Overfull \hbox (22.22168pt too wide) in paragraph at lines 1991--1992
[][] 
 []

[57] [58] [59]
Overfull \hbox (5.30197pt too wide) in paragraph at lines 2075--2079
[]\TU/lmr/m/n/10 (001226)(1) \TU/等线(0)/m/n/10 函 数 $\OML/cmm/m/it/10 y \OT1/cmr/
m/n/10 = 1 \OMS/cmsy/m/n/10 ^^@ \OML/cmm/m/it/10 x[];  x \OMS/cmsy/m/n/10 2 \OT
1/cmr/m/n/10 [\OMS/cmsy/m/n/10 ^^@\OT1/cmr/m/n/10 1\OML/cmm/m/it/10 ; \OT1/cmr/
m/n/10 1]$ \TU/等线(0)/m/n/10 的 最 大 值 为$[]$\TU/lmr/m/n/10 , \TU/等线(0)/m/n/10 最 小 
值 为$[]$\TU/lmr/m/n/10 , \TU/等线(0)/m/n/10 最 大 值 点 为$[]$\TU/lmr/m/n/10 ,
 []

[60] [61] [62]
Overfull \hbox (8.8285pt too wide) in paragraph at lines 2154--2155
[]\TU/lmr/m/n/10 (001274) \TU/等线(0)/m/n/10 已 知 $\OML/cmm/m/it/10 k$ \TU/等线(0)/m
/n/10 是 实 数\TU/lmr/m/n/10 , \TU/等线(0)/m/n/10 函 数 $\OML/cmm/m/it/10 y \OT1/cmr/m
/n/10 = []$ \TU/等线(0)/m/n/10 的 定 义 域 为 $[]$\TU/lmr/m/n/10 , \TU/等线(0)/m/n/10 则 
$\OML/cmm/m/it/10 k$ \TU/等线(0)/m/n/10 的 取 值 范 围 为$[]$\TU/lmr/m/n/10 . 
 []

[63]
Underfull \hbox (badness 10000) in paragraph at lines 2161--2173

 []


Underfull \hbox (badness 10000) in paragraph at lines 2175--2177

 []


Underfull \hbox (badness 10000) in paragraph at lines 2177--2181

 []

[64]
Underfull \hbox (badness 10000) in paragraph at lines 2216--2218

 []


Overfull \vbox (10.72444pt too high) has occurred while \output is active []


[65]
Underfull \hbox (badness 10000) in paragraph at lines 2220--2222

 []


Underfull \hbox (badness 10000) in paragraph at lines 2224--2225

 []


Underfull \hbox (badness 10000) in paragraph at lines 2235--2237

 []


Underfull \hbox (badness 10000) in paragraph at lines 2237--2239

 []


Underfull \hbox (badness 10000) in paragraph at lines 2245--2247

 []

[66]
Underfull \hbox (badness 10000) in paragraph at lines 2279--2281

 []

[67]
Underfull \hbox (badness 10000) in paragraph at lines 2281--2283

 []

[68]
Underfull \hbox (badness 10000) in paragraph at lines 2327--2328

 []


Underfull \hbox (badness 10000) in paragraph at lines 2328--2329

 []


Underfull \hbox (badness 10000) in paragraph at lines 2329--2330

 []


Underfull \hbox (badness 10000) in paragraph at lines 2330--2331

 []

[69]
Overfull \hbox (20.08441pt too wide) in paragraph at lines 2355--2357
[]\TU/lmr/m/n/10 (001381)(1) \TU/等线(0)/m/n/10 如 果 在 三 角 形 $\OML/cmm/m/it/10 ABC
$ \TU/等线(0)/m/n/10 中\TU/lmr/m/n/10 , $\OML/cmm/m/it/10 a \OT1/cmr/m/n/10 : \OML
/cmm/m/it/10 b \OT1/cmr/m/n/10 = [] \OML/cmm/m/it/10 A \OT1/cmr/m/n/10 : [] \OM
L/cmm/m/it/10 B$\TU/lmr/m/n/10 , \TU/等线(0)/m/n/10 那 么 三 角 形 $\OML/cmm/m/it/10 A
BC$ \TU/等线(0)/m/n/10 为$[]$\TU/lmr/m/n/10 ; 
 []

[70]
Underfull \hbox (badness 10000) in paragraph at lines 2362--2363

 []


Underfull \hbox (badness 10000) in paragraph at lines 2385--2386

 []


Underfull \hbox (badness 10000) in paragraph at lines 2386--2387

 []


Underfull \hbox (badness 10000) in paragraph at lines 2387--2388

 []


Underfull \hbox (badness 10000) in paragraph at lines 2388--2389

 []


Underfull \hbox (badness 10000) in paragraph at lines 2392--2393

 []


Underfull \hbox (badness 10000) in paragraph at lines 2393--2394

 []


Underfull \hbox (badness 10000) in paragraph at lines 2394--2395

 []

[71]
Underfull \hbox (badness 10000) in paragraph at lines 2422--2423

 []


Underfull \hbox (badness 10000) in paragraph at lines 2423--2424

 []


Underfull \hbox (badness 10000) in paragraph at lines 2424--2425

 []


Underfull \hbox (badness 10000) in paragraph at lines 2425--2426

 []


Underfull \hbox (badness 10000) in paragraph at lines 2426--2427

 []


Underfull \hbox (badness 10000) in paragraph at lines 2427--2428

 []

[72]
Underfull \hbox (badness 10000) in paragraph at lines 2428--2429

 []


Underfull \hbox (badness 10000) in paragraph at lines 2429--2430

 []


Overfull \hbox (22.63264pt too wide) in paragraph at lines 2432--2433
[]\TU/等线(0)/m/n/10 终 边 和 $[]$ 的 终 边 重 合 的 角 的 集 合 为$[]$\TU/lmr/m/n/10 ; \TU/等线(
0)/m/n/10 终 边 和 $[]$ 的 终 边 垂 直 的 角 的 集 合 为$[]$\TU/lmr/m/n/10 ; 
 []


Underfull \hbox (badness 10000) in paragraph at lines 2432--2433

 []


Underfull \hbox (badness 10000) in paragraph at lines 2433--2434

 []


Underfull \hbox (badness 10000) in paragraph at lines 2434--2435

 []


Underfull \hbox (badness 10000) in paragraph at lines 2435--2436

 []


Underfull \hbox (badness 10000) in paragraph at lines 2436--2437

 []


Overfull \hbox (1.56049pt too wide) in paragraph at lines 2437--2438
[]\TU/等线(0)/m/n/10 终 边 和 $[]$ 的 终 边 关 于 直 线 $\OML/cmm/m/it/10 y \OT1/cmr/m/n/10
 = \OMS/cmsy/m/n/10 ^^@\OML/cmm/m/it/10 x$ \TU/等线(0)/m/n/10 对 称 的 角 的 集 合 为$[]$
\TU/lmr/m/n/10 , \TU/等线(0)/m/n/10 其 中 在 $\OT1/cmr/m/n/10 [\OMS/cmsy/m/n/10 ^^@\
OML/cmm/m/it/10 ^^Y; ^^Y\OT1/cmr/m/n/10 )$ \TU/等线(0)/m/n/10 内 的 角 有$[]$\TU/lmr/
m/n/10 ; 
 []


Underfull \hbox (badness 10000) in paragraph at lines 2437--2438

 []


Underfull \hbox (badness 10000) in paragraph at lines 2438--2439

 []


Underfull \hbox (badness 10000) in paragraph at lines 2439--2440

 []

[73]
Overfull \hbox (7.65115pt too wide) in paragraph at lines 2474--2476
[]\TU/lmr/m/n/10 (001403)(1) \TU/等线(0)/m/n/10 若 $[] \OML/cmm/m/it/10 ^^K \OT1/c
mr/m/n/10 = \OMS/cmsy/m/n/10 ^^@[]$\TU/lmr/m/n/10 , \TU/等线(0)/m/n/10 且 $\OML/cm
m/m/it/10 ^^Y < ^^K < []$\TU/lmr/m/n/10 , \TU/等线(0)/m/n/10 那 么 $[] \OML/cmm/m/i
t/10 ^^K \OT1/cmr/m/n/10 =$$[]$\TU/lmr/m/n/10 , $[] \OML/cmm/m/it/10 ^^K \OT1/c
mr/m/n/10 =$$[]$\TU/lmr/m/n/10 , $[] \OML/cmm/m/it/10 ^^K \OT1/cmr/m/n/10 =$$[]
$\TU/lmr/m/n/10 ,
 []

[74] [75]
Overfull \hbox (3.49286pt too wide) in paragraph at lines 2533--2534
[]\TU/lmr/m/n/10 (001427) \TU/等线(0)/m/n/10 已 知 $[] [] [] [] \OT1/cmr/m/n/10 + [
] [] [] [] = \OMS/cmsy/m/n/10 ^^@[]$\TU/lmr/m/n/10 , \TU/等线(0)/m/n/10 且 $[] \OM
L/cmm/m/it/10 < ^^K < \OT1/cmr/m/n/10 3\OML/cmm/m/it/10 ^^Y$\TU/lmr/m/n/10 , \T
U/等线(0)/m/n/10 则 $[] [] \OT1/cmr/m/n/10 =$$[]$\TU/lmr/m/n/10 . 
 []

[76] [77] [78]
Overfull \hbox (2.1752pt too wide) in paragraph at lines 2611--2612
[]\TU/lmr/m/n/10 (001458) \TU/等线(0)/m/n/10 已 知 $[] \OML/cmm/m/it/10 ^^K \OT1/cm
r/m/n/10 = \OMS/cmsy/m/n/10 ^^@[]$\TU/lmr/m/n/10 , $\OML/cmm/m/it/10 ^^K \OMS/c
msy/m/n/10 2 []$\TU/lmr/m/n/10 , \TU/等线(0)/m/n/10 则 $[] \OT1/cmr/m/n/10 2\OML/c
mm/m/it/10 ^^K \OT1/cmr/m/n/10 =$$[]$\TU/lmr/m/n/10 ; $[] \OT1/cmr/m/n/10 2\OML
/cmm/m/it/10 ^^K \OT1/cmr/m/n/10 = []$\TU/lmr/m/n/10 ; $[] \OT1/cmr/m/n/10 2\OM
L/cmm/m/it/10 ^^K \OT1/cmr/m/n/10 = []$\TU/lmr/m/n/10 . 
 []

[79] [80]
Underfull \hbox (badness 10000) in paragraph at lines 2653--2654

 []


Underfull \hbox (badness 10000) in paragraph at lines 2655--2656

 []


Underfull \hbox (badness 10000) in paragraph at lines 2656--2657

 []


Underfull \hbox (badness 10000) in paragraph at lines 2657--2658

 []


Underfull \hbox (badness 10000) in paragraph at lines 2658--2659

 []


Underfull \hbox (badness 10000) in paragraph at lines 2659--2660

 []


Underfull \hbox (badness 10000) in paragraph at lines 2660--2661

 []


Underfull \hbox (badness 10000) in paragraph at lines 2661--2662

 []


Underfull \hbox (badness 10000) in paragraph at lines 2662--2663

 []


Underfull \hbox (badness 10000) in paragraph at lines 2663--2664

 []


Underfull \hbox (badness 10000) in paragraph at lines 2664--2665

 []


Underfull \hbox (badness 10000) in paragraph at lines 2665--2666

 []


Underfull \hbox (badness 10000) in paragraph at lines 2666--2667

 []


Underfull \hbox (badness 10000) in paragraph at lines 2667--2668

 []

[81]
Underfull \hbox (badness 10000) in paragraph at lines 2668--2669

 []


Underfull \hbox (badness 10000) in paragraph at lines 2669--2670

 []


Underfull \hbox (badness 10000) in paragraph at lines 2670--2671

 []


Underfull \hbox (badness 10000) in paragraph at lines 2671--2672

 []


Underfull \hbox (badness 10000) in paragraph at lines 2672--2673

 []


Underfull \hbox (badness 10000) in paragraph at lines 2673--2674

 []


Underfull \hbox (badness 10000) in paragraph at lines 2674--2675

 []

[82] [83] [84] [85] [86]
Overfull \hbox (22.22168pt too wide) in paragraph at lines 2814--2815
[][] 
 []

[87]
Overfull \hbox (22.22168pt too wide) in paragraph at lines 2835--2836
[][] 
 []


Overfull \hbox (22.22168pt too wide) in paragraph at lines 2837--2838
[][] 
 []


Overfull \hbox (22.22168pt too wide) in paragraph at lines 2841--2842
[][] 
 []


Overfull \hbox (22.22168pt too wide) in paragraph at lines 2850--2851
[][] 
 []

[88]
Underfull \hbox (badness 10000) in paragraph at lines 2870--2871

 []


Underfull \hbox (badness 10000) in paragraph at lines 2871--2872

 []


Underfull \hbox (badness 10000) in paragraph at lines 2872--2873

 []


Underfull \hbox (badness 10000) in paragraph at lines 2873--2874

 []


Underfull \hbox (badness 10000) in paragraph at lines 2879--2880

 []


Underfull \hbox (badness 10000) in paragraph at lines 2880--2881

 []


Underfull \hbox (badness 10000) in paragraph at lines 2881--2882

 []


Underfull \hbox (badness 10000) in paragraph at lines 2882--2883

 []


Underfull \hbox (badness 10000) in paragraph at lines 2883--2884

 []

[89]
Underfull \hbox (badness 10000) in paragraph at lines 2884--2885

 []


Underfull \hbox (badness 10000) in paragraph at lines 2885--2886

 []


Underfull \hbox (badness 10000) in paragraph at lines 2886--2887

 []


Underfull \hbox (badness 10000) in paragraph at lines 2887--2888

 []


Underfull \hbox (badness 10000) in paragraph at lines 2888--2889

 []


Underfull \hbox (badness 10000) in paragraph at lines 2889--2890

 []


Underfull \hbox (badness 10000) in paragraph at lines 2907--2908

 []


Underfull \hbox (badness 10000) in paragraph at lines 2908--2909

 []


Underfull \hbox (badness 10000) in paragraph at lines 2909--2910

 []


Underfull \hbox (badness 10000) in paragraph at lines 2910--2911

 []

[90]
Underfull \hbox (badness 10000) in paragraph at lines 2911--2912

 []


Underfull \hbox (badness 10000) in paragraph at lines 2912--2913

 []


Underfull \hbox (badness 10000) in paragraph at lines 2916--2917

 []


Underfull \hbox (badness 10000) in paragraph at lines 2917--2918

 []


Underfull \hbox (badness 10000) in paragraph at lines 2918--2919

 []


Underfull \hbox (badness 10000) in paragraph at lines 2919--2920

 []


Underfull \hbox (badness 10000) in paragraph at lines 2920--2921

 []


Underfull \hbox (badness 10000) in paragraph at lines 2921--2922

 []


Underfull \hbox (badness 10000) in paragraph at lines 2922--2923

 []


Underfull \hbox (badness 10000) in paragraph at lines 2923--2924

 []

[91]
Underfull \hbox (badness 10000) in paragraph at lines 2955--2956

 []


Underfull \hbox (badness 10000) in paragraph at lines 2969--2970

 []


Underfull \hbox (badness 10000) in paragraph at lines 2971--2972

 []


Underfull \hbox (badness 10000) in paragraph at lines 2972--2973

 []

[92]
Underfull \hbox (badness 10000) in paragraph at lines 2973--2974

 []


Underfull \hbox (badness 10000) in paragraph at lines 2974--2975

 []


Underfull \hbox (badness 10000) in paragraph at lines 2975--2976

 []


Underfull \hbox (badness 10000) in paragraph at lines 2976--2977

 []


Underfull \hbox (badness 10000) in paragraph at lines 2977--2978

 []


Underfull \hbox (badness 10000) in paragraph at lines 2978--2979

 []


Underfull \hbox (badness 10000) in paragraph at lines 2979--2980

 []


Underfull \hbox (badness 10000) in paragraph at lines 2981--2982

 []


Underfull \hbox (badness 10000) in paragraph at lines 2983--2984

 []


Underfull \hbox (badness 10000) in paragraph at lines 2984--2985

 []


Underfull \hbox (badness 10000) in paragraph at lines 2985--2986

 []


Underfull \hbox (badness 10000) in paragraph at lines 2986--2987

 []


Underfull \hbox (badness 10000) in paragraph at lines 2987--2988

 []

[93]
Underfull \hbox (badness 10000) in paragraph at lines 3000--3001

 []


Underfull \hbox (badness 10000) in paragraph at lines 3001--3002

 []


Underfull \hbox (badness 10000) in paragraph at lines 3002--3003

 []


Underfull \hbox (badness 10000) in paragraph at lines 3003--3004

 []


Underfull \hbox (badness 10000) in paragraph at lines 3004--3005

 []


Underfull \hbox (badness 10000) in paragraph at lines 3005--3006

 []


Underfull \hbox (badness 10000) in paragraph at lines 3006--3007

 []

[94]
Underfull \hbox (badness 10000) in paragraph at lines 3026--3027

 []


Underfull \hbox (badness 10000) in paragraph at lines 3028--3029

 []


Underfull \hbox (badness 10000) in paragraph at lines 3029--3030

 []


Underfull \hbox (badness 10000) in paragraph at lines 3030--3031

 []


Underfull \hbox (badness 10000) in paragraph at lines 3031--3032

 []


Underfull \hbox (badness 10000) in paragraph at lines 3032--3033

 []

[95]
Underfull \hbox (badness 10000) in paragraph at lines 3033--3034

 []


Underfull \hbox (badness 10000) in paragraph at lines 3034--3035

 []


Underfull \hbox (badness 10000) in paragraph at lines 3047--3048

 []


Underfull \hbox (badness 10000) in paragraph at lines 3049--3050

 []


Underfull \hbox (badness 10000) in paragraph at lines 3050--3051

 []


Underfull \hbox (badness 10000) in paragraph at lines 3051--3052

 []


Underfull \hbox (badness 10000) in paragraph at lines 3052--3053

 []


Underfull \hbox (badness 10000) in paragraph at lines 3053--3054

 []

[96]
Underfull \hbox (badness 10000) in paragraph at lines 3054--3055

 []


Underfull \hbox (badness 10000) in paragraph at lines 3055--3056

 []


Underfull \hbox (badness 10000) in paragraph at lines 3056--3057

 []


Underfull \hbox (badness 10000) in paragraph at lines 3057--3058

 []


Underfull \hbox (badness 10000) in paragraph at lines 3058--3059

 []

[97]
Underfull \hbox (badness 10000) in paragraph at lines 3077--3078

 []


Underfull \hbox (badness 10000) in paragraph at lines 3079--3080

 []


Underfull \hbox (badness 10000) in paragraph at lines 3080--3081

 []


Underfull \hbox (badness 10000) in paragraph at lines 3081--3082

 []


Underfull \hbox (badness 10000) in paragraph at lines 3082--3083

 []


Underfull \hbox (badness 10000) in paragraph at lines 3083--3084

 []


Underfull \hbox (badness 10000) in paragraph at lines 3084--3085

 []


Underfull \hbox (badness 10000) in paragraph at lines 3085--3086

 []


Underfull \hbox (badness 10000) in paragraph at lines 3087--3088

 []


Underfull \hbox (badness 10000) in paragraph at lines 3089--3090

 []

[98]
Underfull \hbox (badness 10000) in paragraph at lines 3096--3098

 []


Overfull \hbox (22.22168pt too wide) in paragraph at lines 3098--3099
[][] 
 []


Underfull \hbox (badness 10000) in paragraph at lines 3099--3100

 []


Underfull \hbox (badness 10000) in paragraph at lines 3101--3103

 []


Overfull \hbox (22.22168pt too wide) in paragraph at lines 3103--3104
[][] 
 []


Underfull \hbox (badness 10000) in paragraph at lines 3104--3106

 []

[99]
Overfull \hbox (22.22168pt too wide) in paragraph at lines 3106--3107
[][] 
 []


Overfull \hbox (22.22168pt too wide) in paragraph at lines 3115--3116
[][] 
 []


Overfull \hbox (22.22168pt too wide) in paragraph at lines 3117--3118
[][] 
 []


Overfull \hbox (4.76137pt too wide) in paragraph at lines 3119--3120
[]\TU/lmr/m/n/10 (001659) \TU/等线(0)/m/n/10 已 知 $\OMS/cmsy/m/n/10 4\OML/cmm/m/it
/10 ABC$ \TU/等线(0)/m/n/10 为 等 边 三 角 形\TU/lmr/m/n/10 , $\OML/cmm/m/it/10 PA \OMS
/cmsy/m/n/10 ?$ \TU/等线(0)/m/n/10 平 面 $\OML/cmm/m/it/10 ABC$\TU/lmr/m/n/10 , \TU
/等线(0)/m/n/10 且 $\OML/cmm/m/it/10 PA \OT1/cmr/m/n/10 = []\OML/cmm/m/it/10 AC$\T
U/lmr/m/n/10 , \TU/等线(0)/m/n/10 则 二 面 角 $\OML/cmm/m/it/10 P \OMS/cmsy/m/n/10 ^^
@ \OML/cmm/m/it/10 BC \OMS/cmsy/m/n/10 ^^@ \OML/cmm/m/it/10 A$ \TU/等线(0)/m/n/10
 为$[]$\TU/lmr/m/n/10 . 
 []

[100]
Underfull \hbox (badness 10000) in paragraph at lines 3141--3147

 []


Overfull \hbox (22.22168pt too wide) in paragraph at lines 3147--3148
[][] 
 []

[101]
Overfull \hbox (22.22168pt too wide) in paragraph at lines 3153--3154
[][] 
 []


Underfull \hbox (badness 10000) in paragraph at lines 3163--3164

 []


Underfull \hbox (badness 10000) in paragraph at lines 3165--3166

 []


Underfull \hbox (badness 10000) in paragraph at lines 3166--3167

 []


Underfull \hbox (badness 10000) in paragraph at lines 3167--3168

 []


Underfull \hbox (badness 10000) in paragraph at lines 3168--3169

 []


Underfull \hbox (badness 10000) in paragraph at lines 3169--3170

 []

[102]
Underfull \hbox (badness 10000) in paragraph at lines 3170--3171

 []


Underfull \hbox (badness 10000) in paragraph at lines 3171--3172

 []


Underfull \hbox (badness 10000) in paragraph at lines 3172--3173

 []


Overfull \hbox (19.07643pt too wide) in paragraph at lines 3186--3187
\TU/等线(0)/m/n/10 者 四 棱 柱\TU/lmr/m/n/10 , \TU/等线(0)/m/n/10 在 所 有 可 能 的 情 形 中\TU/
lmr/m/n/10 , \TU/等线(0)/m/n/10 表 面 积 最 小 的 唯 一 一 个 棱 柱 是 四 棱 柱\TU/lmr/m/n/10 , \
TU/等线(0)/m/n/10 则 实 数 $\OML/cmm/m/it/10 a$ \TU/等线(0)/m/n/10 的 取 值 范 围 为$[]$\TU/
lmr/m/n/10 . 
 []


Overfull \hbox (28.784pt too wide) in paragraph at lines 3188--3189
[]\TU/lmr/m/n/10 (001691) \TU/等线(0)/m/n/10 直 平 行 六 面 体 的 两 条 对 角 线 长 分 别 为 $\OT
1/cmr/m/n/10 9$ \TU/等线(0)/m/n/10 和 $[]$\TU/lmr/m/n/10 , \TU/等线(0)/m/n/10 高 为 $\
OT1/cmr/m/n/10 4$\TU/lmr/m/n/10 , \TU/等线(0)/m/n/10 底 面 周 长 为 $\OT1/cmr/m/n/10 1
8$\TU/lmr/m/n/10 , \TU/等线(0)/m/n/10 则 它 的 全 面 积 为$[]$\TU/lmr/m/n/10 . 
 []


Underfull \hbox (badness 10000) in paragraph at lines 3193--3194

 []

[103]
Underfull \hbox (badness 10000) in paragraph at lines 3195--3196

 []


Underfull \hbox (badness 10000) in paragraph at lines 3196--3197

 []


Underfull \hbox (badness 10000) in paragraph at lines 3197--3198

 []


Underfull \hbox (badness 10000) in paragraph at lines 3198--3199

 []


Underfull \hbox (badness 10000) in paragraph at lines 3199--3200

 []


Underfull \hbox (badness 10000) in paragraph at lines 3200--3201

 []


Underfull \hbox (badness 10000) in paragraph at lines 3201--3202

 []

[104]
Overfull \hbox (4.43039pt too wide) in paragraph at lines 3215--3216
[]\TU/lmr/m/n/10 (001707) \TU/等线(0)/m/n/10 若 正 四 棱 锥 $\OML/cmm/m/it/10 S \OMS/c
msy/m/n/10 ^^@ \OML/cmm/m/it/10 ABC$ \TU/等线(0)/m/n/10 的 底 面 边 长 为 $\OT1/cmr/m/n
/10 2[]$\TU/lmr/m/n/10 , \TU/等线(0)/m/n/10 体 积 为 $\OT1/cmr/m/n/10 4$\TU/lmr/m/n/
10 , \TU/等线(0)/m/n/10 则 二 面 角 $\OML/cmm/m/it/10 S \OMS/cmsy/m/n/10 ^^@ \OML/cmm
/m/it/10 AB \OMS/cmsy/m/n/10 ^^@ \OML/cmm/m/it/10 C$ \TU/等线(0)/m/n/10 的 大 小 是$[
]$\TU/lmr/m/n/10 ,
 []


Overfull \hbox (20.78857pt too wide) in paragraph at lines 3221--3222
[]\TU/lmr/m/n/10 (001713) \TU/等线(0)/m/n/10 正 四 棱 台 的 下 底 是 一 个 边 长 为 $\OT1/cmr/
m/n/10 2$ \TU/等线(0)/m/n/10 的 正 方 形\TU/lmr/m/n/10 , \TU/等线(0)/m/n/10 此 外 每 条 棱 的
 棱 长 均 为 $\OT1/cmr/m/n/10 1$\TU/lmr/m/n/10 , \TU/等线(0)/m/n/10 那 么 它 的 体 积 为$[]$
\TU/lmr/m/n/10 . 
 []

[105]
Underfull \hbox (badness 10000) in paragraph at lines 3250--3251

 []

[106]
Underfull \hbox (badness 10000) in paragraph at lines 3707--3708

 []

[107] [108]
Overfull \hbox (22.22168pt too wide) in paragraph at lines 3949--3950
[][] 
 []


Overfull \hbox (22.22168pt too wide) in paragraph at lines 3968--3969
[][] 
 []

[109]
Overfull \hbox (22.22168pt too wide) in paragraph at lines 3986--3987
[][] 
 []

[110] [111] [112] [113] [114]
Underfull \hbox (badness 10000) in paragraph at lines 4121--4122

 []


Underfull \hbox (badness 10000) in paragraph at lines 4123--4124

 []


Underfull \hbox (badness 10000) in paragraph at lines 4124--4125

 []


Underfull \hbox (badness 10000) in paragraph at lines 4125--4126

 []


Underfull \hbox (badness 10000) in paragraph at lines 4126--4127

 []


Underfull \hbox (badness 10000) in paragraph at lines 4127--4128

 []


Underfull \hbox (badness 10000) in paragraph at lines 4128--4129

 []


Underfull \hbox (badness 10000) in paragraph at lines 4129--4130

 []

[115]
Underfull \hbox (badness 10000) in paragraph at lines 4130--4131

 []


Underfull \hbox (badness 10000) in paragraph at lines 4131--4132

 []


Underfull \hbox (badness 10000) in paragraph at lines 4132--4133

 []


Underfull \hbox (badness 10000) in paragraph at lines 4133--4134

 []


Underfull \hbox (badness 10000) in paragraph at lines 4141--4142

 []


Underfull \hbox (badness 10000) in paragraph at lines 4143--4144

 []


Underfull \hbox (badness 10000) in paragraph at lines 4144--4145

 []


Underfull \hbox (badness 10000) in paragraph at lines 4145--4146

 []


Underfull \hbox (badness 10000) in paragraph at lines 4146--4147

 []

[116]
Overfull \hbox (0.94997pt too wide) in paragraph at lines 4153--4154
[]\TU/lmr/m/n/10 (001842) \TU/等线(0)/m/n/10 若 $\OMS/cmsy/m/n/10 f\OML/cmm/m/it/1
0 a[]\OMS/cmsy/m/n/10 g$ \TU/等线(0)/m/n/10 为 无 穷 等 比 数 列\TU/lmr/m/n/10 , $\OMS/c
msy/m/n/10 f\OML/cmm/m/it/10 a[]\OMS/cmsy/m/n/10 g$ \TU/等线(0)/m/n/10 中 每 一 项 都 
是 它 后 面 所 有 项 之 和 的 $\OT1/cmr/m/n/10 4$ \TU/等线(0)/m/n/10 倍\TU/lmr/m/n/10 , \TU/
等线(0)/m/n/10 则 公 比 $\OML/cmm/m/it/10 q$ \TU/等线(0)/m/n/10 的 值 为$[]$\TU/lmr/m/n/1
0 . 
 []


Underfull \hbox (badness 10000) in paragraph at lines 4170--4171

 []


Underfull \hbox (badness 10000) in paragraph at lines 4172--4173

 []


Underfull \hbox (badness 10000) in paragraph at lines 4173--4174

 []


Underfull \hbox (badness 10000) in paragraph at lines 4174--4175

 []


Underfull \hbox (badness 10000) in paragraph at lines 4175--4176

 []

[117]
Underfull \hbox (badness 10000) in paragraph at lines 4176--4177

 []


Underfull \hbox (badness 10000) in paragraph at lines 4177--4178

 []


Underfull \hbox (badness 10000) in paragraph at lines 4178--4179

 []


Underfull \hbox (badness 10000) in paragraph at lines 4179--4180

 []


Underfull \hbox (badness 10000) in paragraph at lines 4191--4192

 []


Underfull \hbox (badness 10000) in paragraph at lines 4193--4194

 []


Underfull \hbox (badness 10000) in paragraph at lines 4194--4195

 []


Underfull \hbox (badness 10000) in paragraph at lines 4195--4196

 []


Underfull \hbox (badness 10000) in paragraph at lines 4196--4197

 []


Underfull \hbox (badness 10000) in paragraph at lines 4197--4198

 []


Underfull \hbox (badness 10000) in paragraph at lines 4198--4199

 []

[118]
Underfull \hbox (badness 10000) in paragraph at lines 4199--4200

 []


Underfull \hbox (badness 10000) in paragraph at lines 4200--4201

 []


Overfull \hbox (22.22168pt too wide) in paragraph at lines 4203--4204
[][] 
 []

[119]
Overfull \hbox (18.14882pt too wide) in paragraph at lines 4219--4220
[]\TU/lmr/m/n/10 (001871) \TU/等线(0)/m/n/10 已 知 $[]\OML/cmm/m/it/10 ; []$ \TU/等线
(0)/m/n/10 不 平 行\TU/lmr/m/n/10 , \TU/等线(0)/m/n/10 设 $\OML/cmm/m/it/10 x$ \TU/等线
(0)/m/n/10 是 一 个 实 数\TU/lmr/m/n/10 , \TU/等线(0)/m/n/10 若 向 量 $\OT1/cmr/m/n/10 (2
[] \OMS/cmsy/m/n/10 ^^@ []\OT1/cmr/m/n/10 ) \OMS/cmsy/m/n/10 k \OT1/cmr/m/n/10 
(\OML/cmm/m/it/10 x[] \OT1/cmr/m/n/10 + 3[])$\TU/lmr/m/n/10 , \TU/等线(0)/m/n/10 
则 实 数 $\OML/cmm/m/it/10 x$ \TU/等线(0)/m/n/10 的 值 为$[]$\TU/lmr/m/n/10 . 
 []

[120]
Overfull \hbox (22.89839pt too wide) in paragraph at lines 4260--4261
[]\TU/lmr/m/n/10 (001892) \TU/等线(0)/m/n/10 已 知 $[] \OT1/cmr/m/n/10 = (2\OML/cmm
/m/it/10 ; \OMS/cmsy/m/n/10 ^^@\OT1/cmr/m/n/10 1)$\TU/lmr/m/n/10 , $[] \OT1/cmr
/m/n/10 = (\OML/cmm/m/it/10 m; m \OMS/cmsy/m/n/10 ^^@ \OT1/cmr/m/n/10 1)$\TU/lm
r/m/n/10 , \TU/等线(0)/m/n/10 若 $[]$ 与 $[]$ 的 夹 角 是 锐 角\TU/lmr/m/n/10 , \TU/等线(0)
/m/n/10 则 实 数 $\OML/cmm/m/it/10 m$ \TU/等线(0)/m/n/10 的 取 值 范 围 为$[]$\TU/lmr/m/n/
10 . 
 []


Overfull \hbox (5.4429pt too wide) in paragraph at lines 4263--4264
[]\TU/lmr/m/n/10 (001895) \TU/等线(0)/m/n/10 已 知 $\OML/cmm/m/it/10 M\OT1/cmr/m/n/
10 (3\OML/cmm/m/it/10 ; \OT1/cmr/m/n/10 4)$\TU/lmr/m/n/10 , $\OML/cmm/m/it/10 N
\OT1/cmr/m/n/10 (12\OML/cmm/m/it/10 ; \OT1/cmr/m/n/10 7)$\TU/lmr/m/n/10 , $\OML
/cmm/m/it/10 Q$ \TU/等线(0)/m/n/10 在 直 线 $\OML/cmm/m/it/10 MN$ \TU/等线(0)/m/n/10 上
\TU/lmr/m/n/10 , \TU/等线(0)/m/n/10 且 $\OML/cmm/m/it/10 QM \OT1/cmr/m/n/10 : \OML
/cmm/m/it/10 MN \OT1/cmr/m/n/10 = 1 : 3$\TU/lmr/m/n/10 . \TU/等线(0)/m/n/10 则 点 $
\OML/cmm/m/it/10 Q$ \TU/等线(0)/m/n/10 的 坐 标 为$[]$\TU/lmr/m/n/10 . 
 []

[121]
Overfull \hbox (1.31552pt too wide) in paragraph at lines 4287--4288
[]\TU/lmr/m/n/10 (001911) \TU/等线(0)/m/n/10 已 知 $\OMS/cmsy/m/n/10 4\OML/cmm/m/it
/10 ABC$ \TU/等线(0)/m/n/10 的 三 个 顶 点 分 别 为 $\OML/cmm/m/it/10 A\OT1/cmr/m/n/10 (2
\OML/cmm/m/it/10 ; \OMS/cmsy/m/n/10 ^^@\OT1/cmr/m/n/10 1)$\TU/lmr/m/n/10 , $\OM
L/cmm/m/it/10 B\OT1/cmr/m/n/10 (3\OML/cmm/m/it/10 ; \OT1/cmr/m/n/10 2)$\TU/lmr/
m/n/10 , $\OML/cmm/m/it/10 C\OT1/cmr/m/n/10 (\OMS/cmsy/m/n/10 ^^@\OT1/cmr/m/n/1
0 3\OML/cmm/m/it/10 ; \OMS/cmsy/m/n/10 ^^@\OT1/cmr/m/n/10 1)$\TU/lmr/m/n/10 . \
TU/等线(0)/m/n/10 则 三 角 形 $\OML/cmm/m/it/10 ABC$ \TU/等线(0)/m/n/10 的 面 积 为$[]$\TU/
lmr/m/n/10 . 
 []


Overfull \hbox (26.86734pt too wide) in paragraph at lines 4290--4291
[]\TU/lmr/m/n/10 (001914) \TU/等线(0)/m/n/10 已 知 圆 $\OML/cmm/m/it/10 O$ \TU/等线(0)
/m/n/10 的 半 径 为 $\OT1/cmr/m/n/10 1$\TU/lmr/m/n/10 , $\OML/cmm/m/it/10 PA; PB$ \
TU/等线(0)/m/n/10 为 该 圆 的 两 条 切 线\TU/lmr/m/n/10 , $\OML/cmm/m/it/10 A; B$ \TU/等线(
0)/m/n/10 为 两 切 点\TU/lmr/m/n/10 . $[] \OMS/cmsy/m/n/10 ^^A []$ \TU/等线(0)/m/n/10
 的 最 小 值 为$[]$\TU/lmr/m/n/10 . 
 []

[122]
Overfull \hbox (10.14748pt too wide) in paragraph at lines 4315--4320
\OML/cmm/m/it/10 D \OT1/cmr/m/n/10 =$$[]$\TU/lmr/m/n/10 , $\OML/cmm/m/it/10 D[]
 \OT1/cmr/m/n/10 =$$[]$\TU/lmr/m/n/10 , $\OML/cmm/m/it/10 D[] \OT1/cmr/m/n/10 =
$$[]$\TU/lmr/m/n/10 , $\OML/cmm/m/it/10 D[] \OT1/cmr/m/n/10 =$$[]$\TU/lmr/m/n/1
0 , \TU/等线(0)/m/n/10 解 为 $\OT1/cmr/m/n/10 (\OML/cmm/m/it/10 x; y; z\OT1/cmr/m/n
/10 ) =$$[]$\TU/lmr/m/n/10 . 
 []

[123] [124]
Underfull \hbox (badness 10000) in paragraph at lines 4341--4342

 []


Underfull \hbox (badness 10000) in paragraph at lines 4343--4344

 []


Underfull \hbox (badness 10000) in paragraph at lines 4344--4345

 []


Underfull \hbox (badness 10000) in paragraph at lines 4345--4346

 []


Underfull \hbox (badness 10000) in paragraph at lines 4346--4347

 []


Underfull \hbox (badness 10000) in paragraph at lines 4347--4348

 []


Underfull \hbox (badness 10000) in paragraph at lines 4348--4349

 []

[125]
Overfull \hbox (46.94553pt too wide) in paragraph at lines 4363--4367
[]\TU/lmr/m/n/10 (001940)[\TU/等线(0)/m/n/10 代 入 消 元 法 的 等 价 性 的 实 例\TU/lmr/m/n/1
0 ] \TU/等线(0)/m/n/10 已 知 关 于 $\OML/cmm/m/it/10 x; y$ \TU/等线(0)/m/n/10 的 方 程 组 $
[]$ 由 上 题 结 论\TU/lmr/m/n/10 , \TU/等线(0)/m/n/10 它 与 方 程 组 $[]$
 []

[126] [127]
Overfull \hbox (21.37204pt too wide) in paragraph at lines 4428--4431
\TU/等线(0)/m/n/10 如 果 三 角 形 $\OML/cmm/m/it/10 OAB$ \TU/等线(0)/m/n/10 的 顶 点 $\OML/
cmm/m/it/10 A; B$ \TU/等线(0)/m/n/10 的 坐 标 分 别 为 $\OT1/cmr/m/n/10 (\OML/cmm/m/it/
10 x[]; y[]; z[]\OT1/cmr/m/n/10 )$\TU/lmr/m/n/10 , $\OT1/cmr/m/n/10 (\OML/cmm/m
/it/10 x[]; y[]; z[]\OT1/cmr/m/n/10 )$\TU/lmr/m/n/10 , \TU/等线(0)/m/n/10 那 么 三 角
 形 $\OML/cmm/m/it/10 OAB$ \TU/等线(0)/m/n/10 的 面 积 为 $[] []$
 []

[128] [129]
Overfull \hbox (39.5469pt too wide) in paragraph at lines 4456--4457
[]\TU/lmr/m/n/10 (001989) \TU/等线(0)/m/n/10 设 地 球 半 径 为 $\OT1/cmr/m/n/10 6400[]$
\TU/lmr/m/n/10 , \TU/等线(0)/m/n/10 地 球 上 的 两 点 $\OML/cmm/m/it/10 A\OT1/cmr/m/n/1
0 (30[][]\OML/cmm/m/it/10 ; \OT1/cmr/m/n/10 60[][])$ \TU/等线(0)/m/n/10 与 $\OML/c
mm/m/it/10 B\OT1/cmr/m/n/10 (50[][]\OML/cmm/m/it/10 ; \OT1/cmr/m/n/10 110[][])$
 \TU/等线(0)/m/n/10 之 间 的 球 面 距 离 约 为$[]$\TU/lmr/m/n/10 .(\TU/等线(0)/m/n/10 精
 []


Overfull \hbox (22.22168pt too wide) in paragraph at lines 4465--4466
[][] 
 []


Overfull \hbox (22.22168pt too wide) in paragraph at lines 4467--4468
[][] 
 []

[130]
Overfull \hbox (40.46622pt too wide) in paragraph at lines 4498--4499
[]\TU/lmr/m/n/10 (002010) \TU/等线(0)/m/n/10 已 知 平 行 四 边 形 的 三 个 顶 点 分 别 对 应 于 复 
数 $\OT1/cmr/m/n/10 2[]$\TU/lmr/m/n/10 , $\OT1/cmr/m/n/10 4 \OMS/cmsy/m/n/10 ^^@
 \OT1/cmr/m/n/10 4[]$\TU/lmr/m/n/10 , $\OT1/cmr/m/n/10 2 + 6[]$\TU/lmr/m/n/10 ,
 \TU/等线(0)/m/n/10 则 第 四 个 顶 点 所 对 应 的 复 数 为$[]$\TU/lmr/m/n/10 . 
 []


Overfull \hbox (22.22168pt too wide) in paragraph at lines 4502--4503
[][] 
 []

[131]
Overfull \hbox (22.22168pt too wide) in paragraph at lines 4504--4505
[][] 
 []


Overfull \hbox (22.22168pt too wide) in paragraph at lines 4506--4507
[][] 
 []


Overfull \hbox (22.22168pt too wide) in paragraph at lines 4515--4516
[][] 
 []

[132]
Overfull \hbox (22.22168pt too wide) in paragraph at lines 4552--4553
[][] 
 []

[133] [134]
Overfull \hbox (22.22168pt too wide) in paragraph at lines 4587--4588
[][] 
 []

[135] [136]
Overfull \hbox (12.44649pt too wide) in paragraph at lines 4662--4663
[]\TU/lmr/m/n/10 (002103) \TU/等线(0)/m/n/10 已 知 动 点 $\OML/cmm/m/it/10 P$ \TU/等线(
0)/m/n/10 到 $\OML/cmm/m/it/10 x$ \TU/等线(0)/m/n/10 轴 的 距 离 与 到 原 点 的 距 离 的 比 是 $
[] \OT1/cmr/m/n/10 : 2$\TU/lmr/m/n/10 , \TU/等线(0)/m/n/10 则 点 $\OML/cmm/m/it/10 
P$ \TU/等线(0)/m/n/10 的 轨 迹 方 程 为$[]$\TU/lmr/m/n/10 . 
 []


Overfull \hbox (11.6086pt too wide) in paragraph at lines 4667--4668
[]\TU/lmr/m/n/10 (002107) \TU/等线(0)/m/n/10 若 点 $\OML/cmm/m/it/10 M$ \TU/等线(0)/m
/n/10 到 $\OML/cmm/m/it/10 x$ \TU/等线(0)/m/n/10 轴 的 距 离 和 它 到 直 线 $\OML/cmm/m/it/
10 y \OT1/cmr/m/n/10 = []\OML/cmm/m/it/10 x$ \TU/等线(0)/m/n/10 的 距 离 相 等\TU/lmr/
m/n/10 , \TU/等线(0)/m/n/10 则 点 $\OML/cmm/m/it/10 M$ \TU/等线(0)/m/n/10 的 轨 迹 方 程 为
$[]$\TU/lmr/m/n/10 . 
 []

[137]
Overfull \hbox (45.6733pt too wide) in paragraph at lines 4670--4671
[]\TU/lmr/m/n/10 (002110) \TU/等线(0)/m/n/10 已 知 点 $\OML/cmm/m/it/10 A\OT1/cmr/m/
n/10 (\OMS/cmsy/m/n/10 ^^@\OT1/cmr/m/n/10 1\OML/cmm/m/it/10 ; \OT1/cmr/m/n/10 0
)$ \TU/等线(0)/m/n/10 与 点 $\OML/cmm/m/it/10 B\OT1/cmr/m/n/10 (1\OML/cmm/m/it/10 ;
 \OT1/cmr/m/n/10 0)$\TU/lmr/m/n/10 , \TU/等线(0)/m/n/10 若 动 点 $\OML/cmm/m/it/10 M
$ \TU/等线(0)/m/n/10 满 足 $\OMS/cmsy/m/n/10 j\OML/cmm/m/it/10 MA\OMS/cmsy/m/n/10 j
 ^^@ j\OML/cmm/m/it/10 MB\OMS/cmsy/m/n/10 j \OT1/cmr/m/n/10 = 2$\TU/lmr/m/n/10 
, \TU/等线(0)/m/n/10 则 点 $\OML/cmm/m/it/10 M$ \TU/等线(0)/m/n/10 的 轨 迹 方 程 是$[]$\TU
/lmr/m/n/10 . 
 []


Overfull \hbox (2.39632pt too wide) in paragraph at lines 4671--4672
[]\TU/lmr/m/n/10 (002111) \TU/等线(0)/m/n/10 平 面 上 到 点 $\OML/cmm/m/it/10 P\OT1/cm
r/m/n/10 (2\OML/cmm/m/it/10 ; \OT1/cmr/m/n/10 0)$ \TU/等线(0)/m/n/10 与 $\OML/cmm/
m/it/10 Q\OT1/cmr/m/n/10 (\OMS/cmsy/m/n/10 ^^@\OT1/cmr/m/n/10 2\OML/cmm/m/it/10
 ; \OT1/cmr/m/n/10 0)$ \TU/等线(0)/m/n/10 的 距 离 之 比 为 $\OT1/cmr/m/n/10 3 : 1$ \TU
/等线(0)/m/n/10 的 点 $\OML/cmm/m/it/10 M$ \TU/等线(0)/m/n/10 的 轨 迹 方 程 是$[]$\TU/lmr/
m/n/10 .(\TU/等线(0)/m/n/10 这
 []


Overfull \hbox (3.37286pt too wide) in paragraph at lines 4690--4691
[]\TU/lmr/m/n/10 (002125) \TU/等线(0)/m/n/10 若 直 线 经 过 点 $\OT1/cmr/m/n/10 (2\OML/
cmm/m/it/10 ; \OMS/cmsy/m/n/10 ^^@\OT1/cmr/m/n/10 3)$\TU/lmr/m/n/10 , \TU/等线(0)
/m/n/10 且 平 行 于 向 量 $[] \OT1/cmr/m/n/10 = (3\OML/cmm/m/it/10 ; \OT1/cmr/m/n/10 
4)$\TU/lmr/m/n/10 . \TU/等线(0)/m/n/10 则 直 线 $\OML/cmm/m/it/10 l$ \TU/等线(0)/m/n/1
0 的 点 方 向 式 方 程 为$[]$\TU/lmr/m/n/10 . 
 []

[138] [139] [140]
Overfull \hbox (8.57079pt too wide) in paragraph at lines 4769--4770
[]\TU/lmr/m/n/10 (002178) \TU/等线(0)/m/n/10 若 直 线 与 两 坐 标 轴 相 交\TU/lmr/m/n/10 , 
\TU/等线(0)/m/n/10 且 被 两 轴 截 得 的 线 段 中 点 为 $\OT1/cmr/m/n/10 (1\OML/cmm/m/it/10 ; 
\OT1/cmr/m/n/10 2)$\TU/lmr/m/n/10 , \TU/等线(0)/m/n/10 则 此 直 线 的 方 程 为$[]$\TU/lmr
/m/n/10 . 
 []


Overfull \hbox (8.18015pt too wide) in paragraph at lines 4772--4773
[]\TU/lmr/m/n/10 (002180) \TU/等线(0)/m/n/10 直 线 $\OML/cmm/m/it/10 l$ \TU/等线(0)/m
/n/10 与 直 线 $\OML/cmm/m/it/10 y \OT1/cmr/m/n/10 = \OML/cmm/m/it/10 ax \OT1/cmr/
m/n/10 + \OML/cmm/m/it/10 b\OT1/cmr/m/n/10 (\OML/cmm/m/it/10 a \OMS/cmsy/m/n/10
 6\OT1/cmr/m/n/10 = 0)$ \TU/等线(0)/m/n/10 夹 角 的 平 分 线 是 直 线 $\OML/cmm/m/it/10 y 
\OT1/cmr/m/n/10 = \OML/cmm/m/it/10 x$\TU/lmr/m/n/10 , \TU/等线(0)/m/n/10 则 直 线 $\
OML/cmm/m/it/10 l$ \TU/等线(0)/m/n/10 的 方 程 是$[]$\TU/lmr/m/n/10 . 
 []

[141] [142] [143]
Overfull \hbox (2.0088pt too wide) in paragraph at lines 4835--4836
[]\TU/lmr/m/n/10 (002226) \TU/等线(0)/m/n/10 已 知 直 线 $\OML/cmm/m/it/10 l$ \TU/等线(
0)/m/n/10 平 行 于 直 线 $\OML/cmm/m/it/10 x \OT1/cmr/m/n/10 + \OML/cmm/m/it/10 y \O
T1/cmr/m/n/10 + 2 = 0$\TU/lmr/m/n/10 , \TU/等线(0)/m/n/10 且 这 两 条 直 线 之 间 的 距 离 为
 $\OT1/cmr/m/n/10 3[]$\TU/lmr/m/n/10 , \TU/等线(0)/m/n/10 则 直 线 $\OML/cmm/m/it/10
 l$ \TU/等线(0)/m/n/10 的 方 程 为$[]$\TU/lmr/m/n/10 . 
 []

[144] [145]
Overfull \hbox (22.22168pt too wide) in paragraph at lines 4869--4870
[][] 
 []


Overfull \hbox (31.98927pt too wide) in paragraph at lines 4886--4887
[]\TU/lmr/m/n/10 (002264) \TU/等线(0)/m/n/10 圆 心 在 直 线 $\OT1/cmr/m/n/10 4\OML/cmm
/m/it/10 x \OT1/cmr/m/n/10 + \OML/cmm/m/it/10 y \OT1/cmr/m/n/10 = 0$ \TU/等线(0)/
m/n/10 上\TU/lmr/m/n/10 , \TU/等线(0)/m/n/10 且 与 直 线 $\OML/cmm/m/it/10 x \OT1/cmr/
m/n/10 + \OML/cmm/m/it/10 y \OMS/cmsy/m/n/10 ^^@ \OT1/cmr/m/n/10 1 = 0$ \TU/等线(
0)/m/n/10 切 于 点 $\OML/cmm/m/it/10 P\OT1/cmr/m/n/10 (3\OML/cmm/m/it/10 ; \OMS/cm
sy/m/n/10 ^^@\OT1/cmr/m/n/10 2)$ \TU/等线(0)/m/n/10 的 圆 的 一 般 方 程 为$[]$\TU/lmr/m/
n/10 . 
 []


Overfull \hbox (10.7918pt too wide) in paragraph at lines 4887--4888
[]\TU/lmr/m/n/10 (002265) \TU/等线(0)/m/n/10 和 直 线 $\OML/cmm/m/it/10 x \OMS/cmsy/
m/n/10 ^^@ \OT1/cmr/m/n/10 6\OML/cmm/m/it/10 y \OMS/cmsy/m/n/10 ^^@ \OT1/cmr/m/
n/10 10 = 0$ \TU/等线(0)/m/n/10 相 切 于 点 $\OML/cmm/m/it/10 Q\OT1/cmr/m/n/10 (4\OML
/cmm/m/it/10 ; \OMS/cmsy/m/n/10 ^^@\OT1/cmr/m/n/10 1)$\TU/lmr/m/n/10 , \TU/等线(0
)/m/n/10 且 经 过 点 $\OML/cmm/m/it/10 M\OT1/cmr/m/n/10 (9\OML/cmm/m/it/10 ; \OT1/c
mr/m/n/10 6)$ \TU/等线(0)/m/n/10 的 圆 的 一 般 方 程 为$[]$\TU/lmr/m/n/10 . 
 []


Overfull \hbox (17.18224pt too wide) in paragraph at lines 4888--4889
[]\TU/lmr/m/n/10 (002266) \TU/等线(0)/m/n/10 过 点 $\OT1/cmr/m/n/10 (2\OML/cmm/m/it
/10 ; \OMS/cmsy/m/n/10 ^^@\OT1/cmr/m/n/10 1)$\TU/lmr/m/n/10 , \TU/等线(0)/m/n/10 
圆 心 在 直 线 $\OT1/cmr/m/n/10 2\OML/cmm/m/it/10 x \OT1/cmr/m/n/10 + \OML/cmm/m/it/
10 y \OT1/cmr/m/n/10 = 0$ \TU/等线(0)/m/n/10 上\TU/lmr/m/n/10 , \TU/等线(0)/m/n/10 且
 与 直 线 $\OML/cmm/m/it/10 x \OMS/cmsy/m/n/10 ^^@ \OML/cmm/m/it/10 y \OMS/cmsy/m/
n/10 ^^@ \OT1/cmr/m/n/10 1 = 0$ \TU/等线(0)/m/n/10 相 切 的 圆 的 方 程 为$[]$\TU/lmr/m/n
/10 . 
 []

[146]
Overfull \hbox (22.22168pt too wide) in paragraph at lines 4892--4893
[][] 
 []


Overfull \hbox (22.22168pt too wide) in paragraph at lines 4894--4895
[][] 
 []


Overfull \hbox (25.52753pt too wide) in paragraph at lines 4907--4908
[]\TU/lmr/m/n/10 (002280) \TU/等线(0)/m/n/10 两 圆 $\OML/cmm/m/it/10 x[] \OT1/cmr/m
/n/10 + \OML/cmm/m/it/10 y[] \OMS/cmsy/m/n/10 ^^@ \OT1/cmr/m/n/10 10\OML/cmm/m/
it/10 x \OMS/cmsy/m/n/10 ^^@ \OT1/cmr/m/n/10 10\OML/cmm/m/it/10 y \OT1/cmr/m/n/
10 = 0$ \TU/等线(0)/m/n/10 与 $\OML/cmm/m/it/10 x[] \OT1/cmr/m/n/10 + \OML/cmm/m/i
t/10 y[] \OT1/cmr/m/n/10 + 6\OML/cmm/m/it/10 x \OT1/cmr/m/n/10 + 2\OML/cmm/m/it
/10 y \OMS/cmsy/m/n/10 ^^@ \OT1/cmr/m/n/10 40 = 0$ \TU/等线(0)/m/n/10 的 公 共 弦 所 在
 的 直 线 方 程 为$[]$\TU/lmr/m/n/10 ,
 []

[147]
Overfull \hbox (22.22168pt too wide) in paragraph at lines 4925--4926
[][] 
 []


Overfull \hbox (22.22168pt too wide) in paragraph at lines 4927--4928
[][] 
 []

[148] [149]
Overfull \hbox (20.7261pt too wide) in paragraph at lines 4987--4989
[]\TU/lmr/m/n/10 (002328) \TU/等线(0)/m/n/10 已 知 长 轴 长 与 短 轴 长 之 比 为 $\OT1/cmr/m/
n/10 2 : 1$\TU/lmr/m/n/10 , \TU/等线(0)/m/n/10 一 条 准 线 方 程 为 $\OML/cmm/m/it/10 x 
\OT1/cmr/m/n/10 + 4 = 0$ \TU/等线(0)/m/n/10 的 椭 圆 的 标 准 方 程 为$[]$\TU/lmr/m/n/10 .
 
 []


Overfull \hbox (68.21231pt too wide) in paragraph at lines 4989--4991
[]\TU/lmr/m/n/10 (002329) \TU/等线(0)/m/n/10 以 直 线 $\OT1/cmr/m/n/10 3\OML/cmm/m/i
t/10 x \OT1/cmr/m/n/10 + 4\OML/cmm/m/it/10 y \OMS/cmsy/m/n/10 ^^@ \OT1/cmr/m/n/
10 12 = 0$ \TU/等线(0)/m/n/10 和 两 轴 的 交 点 之 一 作 为 顶 点\TU/lmr/m/n/10 , \TU/等线(0)/m
/n/10 另 一 交 点 作 为 焦 点 的 椭 圆 的 标 准 方 程 为$[]$\TU/lmr/m/n/10 . 
 []

[150] [151]
Overfull \hbox (37.15343pt too wide) in paragraph at lines 5026--5027
[]\TU/lmr/m/n/10 (002358) \TU/等线(0)/m/n/10 若 动 圆 过 定 点 $\OML/cmm/m/it/10 A\OT1/
cmr/m/n/10 (\OMS/cmsy/m/n/10 ^^@\OT1/cmr/m/n/10 3\OML/cmm/m/it/10 ; \OT1/cmr/m/
n/10 0)$\TU/lmr/m/n/10 , \TU/等线(0)/m/n/10 且 和 定 圆 $\OT1/cmr/m/n/10 (\OML/cmm/m/
it/10 x \OMS/cmsy/m/n/10 ^^@ \OT1/cmr/m/n/10 3)[] + \OML/cmm/m/it/10 y[] \OT1/c
mr/m/n/10 = 4$ \TU/等线(0)/m/n/10 外 切\TU/lmr/m/n/10 , \TU/等线(0)/m/n/10 则 动 圆 圆 心 
$\OML/cmm/m/it/10 P$ \TU/等线(0)/m/n/10 的 轨 迹 方 程 为$[]$\TU/lmr/m/n/10 . 
 []

[152]
Overfull \hbox (22.22168pt too wide) in paragraph at lines 5044--5045
[][] 
 []


Overfull \hbox (5.65648pt too wide) in paragraph at lines 5054--5055
[]\TU/lmr/m/n/10 (002377) \TU/等线(0)/m/n/10 若 双 曲 线 的 虚 轴 长 为 $\OT1/cmr/m/n/10 6
$\TU/lmr/m/n/10 , \TU/等线(0)/m/n/10 一 条 渐 近 线 的 方 程 为 $\OT1/cmr/m/n/10 3\OML/cmm
/m/it/10 x \OMS/cmsy/m/n/10 ^^@ \OML/cmm/m/it/10 y \OT1/cmr/m/n/10 = 0$\TU/lmr/
m/n/10 , \TU/等线(0)/m/n/10 则 此 双 曲 线 的 标 准 方 程 为$[]$\TU/lmr/m/n/10 . 
 []

[153]
Overfull \hbox (22.22168pt too wide) in paragraph at lines 5084--5085
[][] 
 []


Overfull \hbox (22.22168pt too wide) in paragraph at lines 5086--5087
[][] 
 []

[154]
Overfull \hbox (5.23521pt too wide) in paragraph at lines 5102--5103
[]\TU/lmr/m/n/10 (002407) \TU/等线(0)/m/n/10 抛 物 线 $\OML/cmm/m/it/10 y[] \OT1/cmr
/m/n/10 = 16\OML/cmm/m/it/10 x$ \TU/等线(0)/m/n/10 上 的 一 点 $\OML/cmm/m/it/10 P$ \
TU/等线(0)/m/n/10 到 $\OML/cmm/m/it/10 x$ \TU/等线(0)/m/n/10 轴 的 距 离 为 $\OT1/cmr/m/n
/10 12$\TU/lmr/m/n/10 , \TU/等线(0)/m/n/10 则 $\OML/cmm/m/it/10 P$ \TU/等线(0)/m/n/1
0 与 焦 点 $\OML/cmm/m/it/10 F$ \TU/等线(0)/m/n/10 间 的 距 离 $\OMS/cmsy/m/n/10 j\OML/c
mm/m/it/10 PF\OMS/cmsy/m/n/10 j \OT1/cmr/m/n/10 =$$[]$\TU/lmr/m/n/10 . 
 []


Overfull \hbox (31.57059pt too wide) in paragraph at lines 5104--5105
[]\TU/lmr/m/n/10 (002409) \TU/等线(0)/m/n/10 已 知 抛 物 线 的 顶 点 在 原 点\TU/lmr/m/n/10 
, \TU/等线(0)/m/n/10 对 称 轴 与 坐 标 轴 重 合\TU/lmr/m/n/10 , \TU/等线(0)/m/n/10 且 过 点 $\O
T1/cmr/m/n/10 (\OMS/cmsy/m/n/10 ^^@\OT1/cmr/m/n/10 2\OML/cmm/m/it/10 ; \OT1/cmr
/m/n/10 3)$\TU/lmr/m/n/10 , \TU/等线(0)/m/n/10 则 抛 物 线 的 标 准 方 程 为$[]$\TU/lmr/m/n
/10 . 
 []

[155]
Overfull \hbox (29.87805pt too wide) in paragraph at lines 5120--5121
[]\TU/lmr/m/n/10 (002423) \TU/等线(0)/m/n/10 抛 物 线 $\OML/cmm/m/it/10 y[] \OT1/cmr
/m/n/10 = 2\OML/cmm/m/it/10 px \OT1/cmr/m/n/10 (\OML/cmm/m/it/10 p > \OT1/cmr/m
/n/10 0)$ \TU/等线(0)/m/n/10 的 弦 $\OML/cmm/m/it/10 PQ$ \TU/等线(0)/m/n/10 的 中 点 为 $
\OT1/cmr/m/n/10 (\OML/cmm/m/it/10 x[]; y[]\OT1/cmr/m/n/10 )$\TU/lmr/m/n/10 , \T
U/等线(0)/m/n/10 则 弦 $\OML/cmm/m/it/10 PQ$ \TU/等线(0)/m/n/10 所 在 直 线 的 一 个 法 向 量 为
$[]$\TU/lmr/m/n/10 . 
 []

[156] [157]
Overfull \hbox (22.22168pt too wide) in paragraph at lines 5186--5187
[][] 
 []

[158] [159]
Overfull \hbox (22.22168pt too wide) in paragraph at lines 5232--5233
[][] 
 []

[160]
Overfull \hbox (22.22168pt too wide) in paragraph at lines 5234--5235
[][] 
 []


Overfull \hbox (13.49991pt too wide) in paragraph at lines 5242--5243
[]\TU/lmr/m/n/10 (002491) \TU/等线(0)/m/n/10 极 坐 标 系 下 方 程 为 $\OML/cmm/m/it/10 ^^
Z[] \OMS/cmsy/m/n/10 ^^@ \OT1/cmr/m/n/10 5\OML/cmm/m/it/10 ^^Z \OMS/cmsy/m/n/10
 ^^@ \OT1/cmr/m/n/10 6 = 0(\OML/cmm/m/it/10 ^^Z \OMS/cmsy/m/n/10 2 []\OT1/cmr/m
/n/10 )$ \TU/等线(0)/m/n/10 的 曲 线 的 另 一 个 极 坐 标 方 程 可 以 为$[]$\TU/lmr/m/n/10 .(\TU
/等线(0)/m/n/10 要
 []


Overfull \hbox (13.49991pt too wide) in paragraph at lines 5253--5254
[]\TU/lmr/m/n/10 (002501) \TU/等线(0)/m/n/10 极 坐 标 系 下 方 程 为 $\OML/cmm/m/it/10 ^^
Z[] \OMS/cmsy/m/n/10 ^^@ \OT1/cmr/m/n/10 5\OML/cmm/m/it/10 ^^Z \OMS/cmsy/m/n/10
 ^^@ \OT1/cmr/m/n/10 6 = 0(\OML/cmm/m/it/10 ^^Z \OMS/cmsy/m/n/10 2 []\OT1/cmr/m
/n/10 )$ \TU/等线(0)/m/n/10 的 曲 线 的 另 一 个 极 坐 标 方 程 可 以 为$[]$\TU/lmr/m/n/10 .(\TU
/等线(0)/m/n/10 要
 []

[161]
Overfull \hbox (15.93756pt too wide) in paragraph at lines 5258--5259
[]\TU/lmr/m/n/10 (002506) \TU/等线(0)/m/n/10 已 知 圆 锥 曲 线 的 极 坐 标 方 程 为 $\OML/cmm/
m/it/10 ^^Z \OT1/cmr/m/n/10 = []$\TU/lmr/m/n/10 , \TU/等线(0)/m/n/10 那 么 它 的 焦 点 
到 与 之 不 对 应 的 准 线 的 距 离 为$[]$\TU/lmr/m/n/10 . 
 []

[162]
Overfull \hbox (53.88655pt too wide) in paragraph at lines 5276--5277
[]\TU/lmr/m/n/10 (002520) \TU/等线(0)/m/n/10 三 位 同 学 分 别 从 \TU/lmr/m/n/10 “\TU/等线
(0)/m/n/10 物 理 拓 展\TU/lmr/m/n/10 ” \TU/等线(0)/m/n/10 和 \TU/lmr/m/n/10 “\TU/等线(0)
/m/n/10 化 学 拓 展\TU/lmr/m/n/10 ” \TU/等线(0)/m/n/10 这 两 门 课 程 中 选 修 一 门 或 两 门 课 程\
TU/lmr/m/n/10 , \TU/等线(0)/m/n/10 不 同 的 选 法 有$[]$
 []


Overfull \hbox (22.7887pt too wide) in paragraph at lines 5294--5295
[]\TU/lmr/m/n/10 (002538) \TU/等线(0)/m/n/10 在 $\OT1/cmr/m/n/10 0\OML/cmm/m/it/10
 ; \OT1/cmr/m/n/10 1\OML/cmm/m/it/10 ; \OT1/cmr/m/n/10 2\OML/cmm/m/it/10 ; \OT1
/cmr/m/n/10 3\OML/cmm/m/it/10 ; \OT1/cmr/m/n/10 4\OML/cmm/m/it/10 ; \OT1/cmr/m/
n/10 5$ \TU/等线(0)/m/n/10 这 六 个 数 字 组 成 的 数 字 不 重 复 的 六 位 数 中\TU/lmr/m/n/10 , \T
U/等线(0)/m/n/10 个 位 数 字 小 于 十 位 数 字 的 有$[]$
 []

[163]
Overfull \hbox (22.8926pt too wide) in paragraph at lines 5299--5300
[]\TU/lmr/m/n/10 (002543) \TU/等线(0)/m/n/10 将 $\OT1/cmr/m/n/10 9$ \TU/等线(0)/m/n/
10 人 排 成 $\OT1/cmr/m/n/10 3$ \TU/等线(0)/m/n/10 排\TU/lmr/m/n/10 , \TU/等线(0)/m/n/1
0 每 排 $\OT1/cmr/m/n/10 3$ \TU/等线(0)/m/n/10 人\TU/lmr/m/n/10 , \TU/等线(0)/m/n/10 要
 求 甲 在 第 二 排\TU/lmr/m/n/10 , \TU/等线(0)/m/n/10 乙 与 丙 在 第 三 排\TU/lmr/m/n/10 , \TU
/等线(0)/m/n/10 则 所 有 的 不 同 排 法 数 为$[]$\TU/lmr/m/n/10 . 
 []


Overfull \hbox (19.55264pt too wide) in paragraph at lines 5309--5310
[]\TU/lmr/m/n/10 (002553)$\OT1/cmr/m/n/10 10$ \TU/等线(0)/m/n/10 个 人 分 乘 $\OT1/cm
r/m/n/10 3$ \TU/等线(0)/m/n/10 辆 汽 车\TU/lmr/m/n/10 , \TU/等线(0)/m/n/10 要 求 甲 车 坐 $
\OT1/cmr/m/n/10 5$ \TU/等线(0)/m/n/10 人\TU/lmr/m/n/10 , \TU/等线(0)/m/n/10 乙 车 坐 $\
OT1/cmr/m/n/10 3$ \TU/等线(0)/m/n/10 人\TU/lmr/m/n/10 , \TU/等线(0)/m/n/10 丙 车 坐 $\O
T1/cmr/m/n/10 2$ \TU/等线(0)/m/n/10 人\TU/lmr/m/n/10 , \TU/等线(0)/m/n/10 不 同 的 乘 车 
方 法 共 有$[]$
 []


Overfull \hbox (45.45058pt too wide) in paragraph at lines 5311--5312
[]\TU/lmr/m/n/10 (002555) \TU/等线(0)/m/n/10 高 三 年 级 共 有 $\OT1/cmr/m/n/10 8$ \TU/
等线(0)/m/n/10 个 班\TU/lmr/m/n/10 , \TU/等线(0)/m/n/10 分 派 $\OT1/cmr/m/n/10 4$ \TU/等
线(0)/m/n/10 个 数 学 教 师 任 教\TU/lmr/m/n/10 , \TU/等线(0)/m/n/10 每 个 教 师 都 教 两 个 班\TU
/lmr/m/n/10 , \TU/等线(0)/m/n/10 则 不 同 的 分 派 方 式 共 有$[]$
 []

[164]
Overfull \hbox (27.78658pt too wide) in paragraph at lines 5316--5317
[]\TU/lmr/m/n/10 (002560) \TU/等线(0)/m/n/10 一 组 $\OT1/cmr/m/n/10 6$ \TU/等线(0)/m/
n/10 条 平 行 线 与 另 一 组 $\OT1/cmr/m/n/10 3$ \TU/等线(0)/m/n/10 条 平 行 线 互 相 垂 直\TU/lm
r/m/n/10 , \TU/等线(0)/m/n/10 则 由 它 们 中 的 四 条 围 成 的 矩 形 的 个 数 为$[]$\TU/lmr/m/n/10
 . 
 []


Overfull \hbox (40.94214pt too wide) in paragraph at lines 5335--5336
[]\TU/lmr/m/n/10 (002578) \TU/等线(0)/m/n/10 已 知 平 面 上 的 九 个 点 $\OMS/cmsy/m/n/10 
f\OT1/cmr/m/n/10 (\OML/cmm/m/it/10 x; y\OT1/cmr/m/n/10 )\OMS/cmsy/m/n/10 jj\OML
/cmm/m/it/10 x\OMS/cmsy/m/n/10 j ^^T \OT1/cmr/m/n/10 1\OML/cmm/m/it/10 ; \OMS/c
msy/m/n/10 j\OML/cmm/m/it/10 y\OMS/cmsy/m/n/10 j ^^T \OT1/cmr/m/n/10 1\OML/cmm/
m/it/10 ; x; y \OMS/cmsy/m/n/10 2 []g$\TU/lmr/m/n/10 , \TU/等线(0)/m/n/10 以 这 些 点
 中 的 三 个 作 为 顶 点\TU/lmr/m/n/10 , \TU/等线(0)/m/n/10 能 构 成$[]$
 []

[165]
Overfull \hbox (35.22859pt too wide) in paragraph at lines 5336--5337
[]\TU/lmr/m/n/10 (002579) \TU/等线(0)/m/n/10 平 面 内 共 有 $\OT1/cmr/m/n/10 17$ \TU/等
线(0)/m/n/10 个 点\TU/lmr/m/n/10 , \TU/等线(0)/m/n/10 其 中 有 且 仅 有 $\OT1/cmr/m/n/10 5
$ \TU/等线(0)/m/n/10 个 点 共 线\TU/lmr/m/n/10 , \TU/等线(0)/m/n/10 以 这 些 点 中 的 三 个 点 为
 顶 点 的 三 角 形 共 有$[]$
 []


Overfull \hbox (3.34412pt too wide) in paragraph at lines 5344--5345
[]\TU/lmr/m/n/10 (002587) \TU/等线(0)/m/n/10 在 由 $\OT1/cmr/m/n/10 1\OML/cmm/m/it/
10 ; \OT1/cmr/m/n/10 2\OML/cmm/m/it/10 ; \OT1/cmr/m/n/10 3\OML/cmm/m/it/10 ; []
  ; \OT1/cmr/m/n/10 9$ \TU/等线(0)/m/n/10 这 九 个 数 字 组 成 的 数 字 不 重 复 的 五 位 数 中\TU/
lmr/m/n/10 , \TU/等线(0)/m/n/10 奇 数 位 上 一 定 是 奇 数 的 共 有$[]$
 []


Overfull \hbox (23.34412pt too wide) in paragraph at lines 5345--5346
[]\TU/lmr/m/n/10 (002588) \TU/等线(0)/m/n/10 在 由 $\OT1/cmr/m/n/10 1\OML/cmm/m/it/
10 ; \OT1/cmr/m/n/10 2\OML/cmm/m/it/10 ; \OT1/cmr/m/n/10 3\OML/cmm/m/it/10 ; []
  ; \OT1/cmr/m/n/10 9$ \TU/等线(0)/m/n/10 这 九 个 数 字 组 成 的 数 字 不 重 复 的 五 位 数 中\TU/
lmr/m/n/10 , \TU/等线(0)/m/n/10 奇 数 数 字 一 定 在 奇 数 位 上 的 共 有$[]$
 []

[166]
Overfull \hbox (0.78856pt too wide) in paragraph at lines 5356--5357
[]\TU/lmr/m/n/10 (002599) \TU/等线(0)/m/n/10 将 $\OT1/cmr/m/n/10 6$ \TU/等线(0)/m/n/
10 件 不 同 的 产 品 分 别 装 入 两 个 相 同 的 口 袋 里\TU/lmr/m/n/10 , \TU/等线(0)/m/n/10 要 求 每 袋
 至 少 有 一 件\TU/lmr/m/n/10 , \TU/等线(0)/m/n/10 则 不 同 的 装 法 共 有$[]$
 []


Overfull \hbox (25.7886pt too wide) in paragraph at lines 5359--5360
[]\TU/lmr/m/n/10 (002602)$\OT1/cmr/m/n/10 5$ \TU/等线(0)/m/n/10 名 运 动 员 参 加 $\OT1
/cmr/m/n/10 100$ \TU/等线(0)/m/n/10 米 决 赛\TU/lmr/m/n/10 , \TU/等线(0)/m/n/10 满 足 每 
个 人 所 花 时 间 都 不 相 同\TU/lmr/m/n/10 , \TU/等线(0)/m/n/10 且 甲 比 乙 先 到 终 点 的 最 终 排 名 
共 有$[]$
 []


Overfull \hbox (3.34427pt too wide) in paragraph at lines 5361--5362
[]\TU/lmr/m/n/10 (002604) \TU/等线(0)/m/n/10 取 $\OT1/cmr/m/n/10 1\OML/cmm/m/it/10
 ; \OT1/cmr/m/n/10 2\OML/cmm/m/it/10 ; \OT1/cmr/m/n/10 3\OML/cmm/m/it/10 ; \OT1
/cmr/m/n/10 4\OML/cmm/m/it/10 ; \OT1/cmr/m/n/10 5$ \TU/等线(0)/m/n/10 这 五 个 数 字 中
 的 两 个 分 别 作 为 一 个 对 数 的 底 数 和 真 数\TU/lmr/m/n/10 , \TU/等线(0)/m/n/10 则 所 得 的 不 同
 值 共 有$[]$
 []


Overfull \hbox (3.01332pt too wide) in paragraph at lines 5369--5370
[]\TU/lmr/m/n/10 (002611)$\OT1/cmr/m/n/10 (\OML/cmm/m/it/10 x \OMS/cmsy/m/n/10 
^^@ \OT1/cmr/m/n/10 2\OML/cmm/m/it/10 y\OT1/cmr/m/n/10 )[]$ \TU/等线(0)/m/n/10 的 
展 开 式 中\TU/lmr/m/n/10 , \TU/等线(0)/m/n/10 第 $\OT1/cmr/m/n/10 4$ \TU/等线(0)/m/n/10
 项 的 二 项 式 系 数 为$[]$\TU/lmr/m/n/10 , \TU/等线(0)/m/n/10 第 $\OT1/cmr/m/n/10 4$ \TU
/等线(0)/m/n/10 项 的 系 数 为$[]$\TU/lmr/m/n/10 . 
 []

[167] [168]
Overfull \hbox (35.99706pt too wide) in paragraph at lines 5416--5417
[]\TU/lmr/m/n/10 (002640) \TU/等线(0)/m/n/10 袋 中 有 $\OT1/cmr/m/n/10 10$ \TU/等线(0)
/m/n/10 个 球\TU/lmr/m/n/10 , \TU/等线(0)/m/n/10 记 有 号 码 $\OT1/cmr/m/n/10 0\OML/cmm
/m/it/10 ; \OT1/cmr/m/n/10 1\OML/cmm/m/it/10 ; \OT1/cmr/m/n/10 2\OML/cmm/m/it/1
0 ; \OT1/cmr/m/n/10 3\OML/cmm/m/it/10 ; \OT1/cmr/m/n/10 4\OML/cmm/m/it/10 ; [] 
 ; \OT1/cmr/m/n/10 9$\TU/lmr/m/n/10 , \TU/等线(0)/m/n/10 任 意 取 出 $\OT1/cmr/m/n/10
 2$ \TU/等线(0)/m/n/10 个 球\TU/lmr/m/n/10 , \TU/等线(0)/m/n/10 号 码 正 好 为 $\OT1/cmr/m
/n/10 1$ \TU/等线(0)/m/n/10 和 $\OT1/cmr/m/n/10 2$ \TU/等线(0)/m/n/10 的 概 率 为$[]$\TU
/lmr/m/n/10 . 
 []


Overfull \hbox (6.55704pt too wide) in paragraph at lines 5417--5418
[]\TU/lmr/m/n/10 (002641) \TU/等线(0)/m/n/10 袋 中 有 $\OT1/cmr/m/n/10 10$ \TU/等线(0)
/m/n/10 个 球\TU/lmr/m/n/10 , \TU/等线(0)/m/n/10 记 有 号 码 $\OT1/cmr/m/n/10 0\OML/cmm
/m/it/10 ; \OT1/cmr/m/n/10 1\OML/cmm/m/it/10 ; \OT1/cmr/m/n/10 2\OML/cmm/m/it/1
0 ; \OT1/cmr/m/n/10 3\OML/cmm/m/it/10 ; \OT1/cmr/m/n/10 4\OML/cmm/m/it/10 ; [] 
 ; \OT1/cmr/m/n/10 9$\TU/lmr/m/n/10 , \TU/等线(0)/m/n/10 任 意 取 出 $\OT1/cmr/m/n/10
 3$ \TU/等线(0)/m/n/10 个 球\TU/lmr/m/n/10 , \TU/等线(0)/m/n/10 没 有 号 码 $\OT1/cmr/m/n
/10 3$ \TU/等线(0)/m/n/10 的 概 率 为$[]$\TU/lmr/m/n/10 . 
 []

[169]
Overfull \hbox (6.15779pt too wide) in paragraph at lines 5434--5435
\TU/等线(0)/m/n/10 某 段 时 间 内 每 个 电 子 元 件 损 坏 的 概 率 都 是 $\OML/cmm/m/it/10 p$\TU/lm
r/m/n/10 , \TU/等线(0)/m/n/10 则 在 这 段 时 间 内 这 个 仪 表 能 正 常 工 作 的 概 率 为$[]$\TU/lmr/
m/n/10 . 
 []


Overfull \hbox (19.35054pt too wide) in paragraph at lines 5438--5439
[]\TU/lmr/m/n/10 (002662) \TU/等线(0)/m/n/10 四 名 学 生\TU/lmr/m/n/10 , \TU/等线(0)/m/
n/10 每 人 写 一 张 贺 卡\TU/lmr/m/n/10 , \TU/等线(0)/m/n/10 集 中 后 每 人 抽 取 一 张\TU/lmr/m/
n/10 , \TU/等线(0)/m/n/10 每 人 都 拿 到 别 人 写 的 贺 卡 的 概 率 是$[]$\TU/lmr/m/n/10 . 
 []

[170] [171]
Overfull \hbox (9.77158pt too wide) in paragraph at lines 5471--5478
 [] 
 []

[172] [173]
Missing character: There is no ; ("3B) in font nullfont!
Missing character: There is no ; ("3B) in font nullfont!

Overfull \hbox (14.4466pt too wide) in paragraph at lines 5554--5555
[]\TU/lmr/m/n/10 (000351) \TU/等线(0)/m/n/10 甲、|  乙 两 人 从 $\OT1/cmr/m/n/10 5$ \TU
/等线(0)/m/n/10 门 不 同 的 选 修 课 中 各 选 修 $\OT1/cmr/m/n/10 2$ \TU/等线(0)/m/n/10 门\TU/l
mr/m/n/10 , \TU/等线(0)/m/n/10 则 甲、|  乙 所 选 的 课 程 中 恰 有 $\OT1/cmr/m/n/10 1$ \TU/等
线(0)/m/n/10 门 相 同 的 选 法 有$[]$
 []

[174] [175] [176]
Overfull \hbox (13.56854pt too wide) in paragraph at lines 5607--5608
[]\TU/lmr/m/n/10 (000383) \TU/等线(0)/m/n/10 已 知 一 个 底 面 置 于 水 平 面 上 的 圆 锥\TU/lmr
/m/n/10 , \TU/等线(0)/m/n/10 其 左 视 图 是 边 长 为 \TU/lmr/m/n/10 6 \TU/等线(0)/m/n/10 的 
正 三 角 形\TU/lmr/m/n/10 , \TU/等线(0)/m/n/10 则 该 圆 锥 的 侧 面 积 为$[]$\TU/lmr/m/n/10 . 

 []

[177]
Overfull \hbox (1.28766pt too wide) in paragraph at lines 5640--5641
[]\TU/lmr/m/n/10 (000404) \TU/等线(0)/m/n/10 将 边 长 为 $\OT1/cmr/m/n/10 10$ \TU/等线(
0)/m/n/10 的 正 三 角 形 $\OML/cmm/m/it/10 ABC$\TU/lmr/m/n/10 , \TU/等线(0)/m/n/10 按 \
TU/lmr/m/n/10 “\TU/等线(0)/m/n/10 斜 二 测\TU/lmr/m/n/10 ” \TU/等线(0)/m/n/10 画 法 在 水 
平 放 置 的 平 面 上 画 出 为 $\OMS/cmsy/m/n/10 4\OML/cmm/m/it/10 A[]B[]C[]$\TU/lmr/m/n/1
0 , \TU/等线(0)/m/n/10 则 $\OMS/cmsy/m/n/10 4\OML/cmm/m/it/10 A[]B[]C[]$
 []

[178]
Overfull \hbox (2.60689pt too wide) in paragraph at lines 5684--5685
[]\TU/lmr/m/n/10 (000429) \TU/等线(0)/m/n/10 已 知 二 元 一 次 方 程 $[]$ 的 增 广 矩 阵 是 $[]
$\TU/lmr/m/n/10 , \TU/等线(0)/m/n/10 则 此 方 程 组 的 解 是$[]$\TU/lmr/m/n/10 . 
 []

[179]
Overfull \hbox (6.11581pt too wide) in paragraph at lines 5705--5706
[]\TU/lmr/m/n/10 (000450) \TU/等线(0)/m/n/10 函 数 $\OML/cmm/m/it/10 f\OT1/cmr/m/n/
10 (\OML/cmm/m/it/10 x\OT1/cmr/m/n/10 ) = 2[] + \OML/cmm/m/it/10 m$ \TU/等线(0)/m
/n/10 的 反 函 数 为 $\OML/cmm/m/it/10 y \OT1/cmr/m/n/10 = \OML/cmm/m/it/10 f[]\OT1/
cmr/m/n/10 (\OML/cmm/m/it/10 x\OT1/cmr/m/n/10 )$\TU/lmr/m/n/10 , \TU/等线(0)/m/n/
10 且 $\OML/cmm/m/it/10 y \OT1/cmr/m/n/10 = \OML/cmm/m/it/10 f[]\OT1/cmr/m/n/10 
(\OML/cmm/m/it/10 x\OT1/cmr/m/n/10 )$ \TU/等线(0)/m/n/10 的 图 像 过 点 $\OML/cmm/m/it
/10 Q\OT1/cmr/m/n/10 (5\OML/cmm/m/it/10 ; \OT1/cmr/m/n/10 2)$\TU/lmr/m/n/10 , \
TU/等线(0)/m/n/10 那 么 $\OML/cmm/m/it/10 m \OT1/cmr/m/n/10 =$$[]$\TU/lmr/m/n/10 . 

 []

[180] [181] [182]
Overfull \hbox (27.58098pt too wide) in paragraph at lines 5755--5756
[]\TU/lmr/m/n/10 (000500) \TU/等线(0)/m/n/10 某 圆 锥 体 的 底 面 圆 的 半 径 长 为 $[]$\TU/lm
r/m/n/10 , \TU/等线(0)/m/n/10 其 侧 面 展 开 图 是 圆 心 角 为 $[]\OML/cmm/m/it/10 ^^Y$ \TU/
等线(0)/m/n/10 的 扇 形\TU/lmr/m/n/10 , \TU/等线(0)/m/n/10 则 该 圆 锥 体 的 体 积 是$[]$\TU/lm
r/m/n/10 . 
 []

[183] [184] [185] [186] [187]
Overfull \hbox (10.39607pt too wide) in paragraph at lines 5868--5869
[]\TU/lmr/m/n/10 (000593) \TU/等线(0)/m/n/10 若 $\OT1/cmr/m/n/10 (2\OML/cmm/m/it/1
0 x \OT1/cmr/m/n/10 + [])[]$ \TU/等线(0)/m/n/10 的 二 项 展 开 式 中 的 所 有 二 项 式 系 数 之 和
 等 于 $\OT1/cmr/m/n/10 256$\TU/lmr/m/n/10 , \TU/等线(0)/m/n/10 则 该 展 开 式 中 常 数 项 的
 值 为$[]$\TU/lmr/m/n/10 . 
 []

[188]
Overfull \hbox (21.3375pt too wide) in paragraph at lines 5886--5887
[]\TU/lmr/m/n/10 (000611) \TU/等线(0)/m/n/10 若 从 一 副 $\OT1/cmr/m/n/10 52$ \TU/等线(
0)/m/n/10 张 的 扑 克 牌 中 随 机 抽 取 $\OT1/cmr/m/n/10 2$ \TU/等线(0)/m/n/10 张\TU/lmr/m/n
/10 , \TU/等线(0)/m/n/10 则 在 放 回 抽 取 的 情 形 下\TU/lmr/m/n/10 , \TU/等线(0)/m/n/10 两 张
 牌 都 是 \TU/lmr/m/n/10 K \TU/等线(0)/m/n/10 的 概 率 为$[]$\TU/lmr/m/n/10 (\TU/等线(0)/m
/n/10 结
 []

[189] [190] [191] [192] [193]
Overfull \hbox (8.05255pt too wide) in paragraph at lines 6007--6008
[]\TU/lmr/m/n/10 (000682) \TU/等线(0)/m/n/10 直 线 $[]$\TU/lmr/m/n/10 ($\OML/cmm/m/
it/10 t$ \TU/等线(0)/m/n/10 为 参 数\TU/lmr/m/n/10 ) \TU/等线(0)/m/n/10 与 曲 线 $[]$\TU/
lmr/m/n/10 ($\OML/cmm/m/it/10 ^^R$ \TU/等线(0)/m/n/10 为 参 数\TU/lmr/m/n/10 ) \TU/等
线(0)/m/n/10 的 公 共 点 的 个 数 是$[]$\TU/lmr/m/n/10 . 
 []

[194] [195]
Overfull \hbox (2.24854pt too wide) in paragraph at lines 6055--6056
[]\TU/lmr/m/n/10 (000730) \TU/等线(0)/m/n/10 已 知 在 $\OMS/cmsy/m/n/10 4\OML/cmm/m/
it/10 ABC$ \TU/等线(0)/m/n/10 中\TU/lmr/m/n/10 , $\OML/cmm/m/it/10 a$\TU/lmr/m/n/1
0 , $\OML/cmm/m/it/10 b$\TU/lmr/m/n/10 , $\OML/cmm/m/it/10 c$ \TU/等线(0)/m/n/10 
分 别 为 $\U/msa/m/n/10 \\OML/cmm/m/it/10 A$\TU/lmr/m/n/10 , $\U/msa/m/n/10 \\OML/
cmm/m/it/10 B$\TU/lmr/m/n/10 , $\U/msa/m/n/10 \\OML/cmm/m/it/10 C$ \TU/等线(0)/m/
n/10 所 对 的 边\TU/lmr/m/n/10 . \TU/等线(0)/m/n/10 若 $\OML/cmm/m/it/10 b[] \OT1/cmr/
m/n/10 + \OML/cmm/m/it/10 c[] \OMS/cmsy/m/n/10 ^^@ \OML/cmm/m/it/10 a[] \OT1/cm
r/m/n/10 = []\OML/cmm/m/it/10 bc$\TU/lmr/m/n/10 , \TU/等线(0)/m/n/10 则 $\U/msa/m/
n/10 \\OML/cmm/m/it/10 A \OT1/cmr/m/n/10 =$$[]$\TU/lmr/m/n/10 . 
 []

[196]
Overfull \hbox (35.20175pt too wide) in paragraph at lines 6074--6075
[]\TU/lmr/m/n/10 (000749) \TU/等线(0)/m/n/10 长 方 体 的 对 角 线 与 过 同 一 个 顶 点 的 三 个 表 
面 所 成 的 角 分 别 为 $\OML/cmm/m/it/10 ^^K$\TU/lmr/m/n/10 , $\OML/cmm/m/it/10 ^^L$\T
U/lmr/m/n/10 , $\OML/cmm/m/it/10 ^^M$\TU/lmr/m/n/10 , \TU/等线(0)/m/n/10 则 $[][] 
\OML/cmm/m/it/10 ^^K \OT1/cmr/m/n/10 + [][] \OML/cmm/m/it/10 ^^L \OT1/cmr/m/n/1
0 + [][] \OML/cmm/m/it/10 ^^M \OT1/cmr/m/n/10 =$$[]$\TU/lmr/m/n/10 . 
 []

[197] [198]
Overfull \hbox (23.60175pt too wide) in paragraph at lines 6112--6113
[]\TU/lmr/m/n/10 (000776) \TU/等线(0)/m/n/10 已 知 集 合 $\OML/cmm/m/it/10 A \OT1/cmr
/m/n/10 = \OMS/cmsy/m/n/10 f\OT1/cmr/m/n/10 1\OML/cmm/m/it/10 ; \OT1/cmr/m/n/10
 3\OML/cmm/m/it/10 ; \OT1/cmr/m/n/10 5\OML/cmm/m/it/10 ; \OT1/cmr/m/n/10 7\OML/
cmm/m/it/10 ; \OT1/cmr/m/n/10 9\OMS/cmsy/m/n/10 g$\TU/lmr/m/n/10 , $\OML/cmm/m/
it/10 B \OT1/cmr/m/n/10 = \OMS/cmsy/m/n/10 f\OT1/cmr/m/n/10 0\OML/cmm/m/it/10 ;
 \OT1/cmr/m/n/10 1\OML/cmm/m/it/10 ; \OT1/cmr/m/n/10 2\OML/cmm/m/it/10 ; \OT1/c
mr/m/n/10 3\OML/cmm/m/it/10 ; \OT1/cmr/m/n/10 4\OML/cmm/m/it/10 ; \OT1/cmr/m/n/
10 5\OMS/cmsy/m/n/10 g$\TU/lmr/m/n/10 , \TU/等线(0)/m/n/10 则 图 中 阴 影 部 分 集 合 用 列 
举 法 表 示 的 结 果 是$[]$\TU/lmr/m/n/10 . 
 []


Overfull \hbox (5.98141pt too wide) in paragraph at lines 6127--6128
[]\TU/lmr/m/n/10 (000779) \TU/等线(0)/m/n/10 在 从 $\OT1/cmr/m/n/10 4$ \TU/等线(0)/m/
n/10 个 字 母 $\OML/cmm/m/it/10 a$\TU/等线(0)/m/n/10 、| $\OML/cmm/m/it/10 b$\TU/等线(0
)/m/n/10 、| $\OML/cmm/m/it/10 c$\TU/等线(0)/m/n/10 、| $\OML/cmm/m/it/10 d$ \TU/等线
(0)/m/n/10 中 任 意 选 出 $\OT1/cmr/m/n/10 2$ \TU/等线(0)/m/n/10 个 不 同 字 母 的 试 验 中\TU/
lmr/m/n/10 , \TU/等线(0)/m/n/10 其 中 含 有 字 母 $\OML/cmm/m/it/10 d$ \TU/等线(0)/m/n/10
 事 件 的 概 率 是$[]$\TU/lmr/m/n/10 . 
 []

[199]
Overfull \hbox (17.10661pt too wide) in paragraph at lines 6173--6174
[]\TU/lmr/m/n/10 (000791) \TU/等线(0)/m/n/10 已 知 数 列 $\OMS/cmsy/m/n/10 f\OML/cmm/
m/it/10 a[]\OMS/cmsy/m/n/10 g$\TU/lmr/m/n/10 , \TU/等线(0)/m/n/10 其 通 项 公 式 为 $\O
ML/cmm/m/it/10 a[] \OT1/cmr/m/n/10 = 3\OML/cmm/m/it/10 n \OT1/cmr/m/n/10 + 1$\T
U/lmr/m/n/10 , $\OML/cmm/m/it/10 n \OMS/cmsy/m/n/10 2 [][]$\TU/lmr/m/n/10 , $\O
MS/cmsy/m/n/10 f\OML/cmm/m/it/10 a[]\OMS/cmsy/m/n/10 g$ \TU/等线(0)/m/n/10 的 前 $\
OML/cmm/m/it/10 n$ \TU/等线(0)/m/n/10 项 和 为 $\OML/cmm/m/it/10 S[]$\TU/lmr/m/n/10 
, \TU/等线(0)/m/n/10 则 $[] [] \OT1/cmr/m/n/10 =$$[]$\TU/lmr/m/n/10 . 
 []

[200] [201]
Overfull \hbox (19.96483pt too wide) in paragraph at lines 6196--6197
[]\TU/lmr/m/n/10 (000814) \TU/等线(0)/m/n/10 设 函 数 $\OML/cmm/m/it/10 f\OT1/cmr/m/
n/10 (\OML/cmm/m/it/10 x\OT1/cmr/m/n/10 ) = [][] \OML/cmm/m/it/10 x$\TU/lmr/m/n
/10 ($\OML/cmm/m/it/10 m > \OT1/cmr/m/n/10 0$ \TU/等线(0)/m/n/10 且 $\OML/cmm/m/it
/10 m \OMS/cmsy/m/n/10 6\OT1/cmr/m/n/10 = 1$\TU/lmr/m/n/10 ), \TU/等线(0)/m/n/10 
若 $\OML/cmm/m/it/10 m$ \TU/等线(0)/m/n/10 是 等 比 数 列 $\OMS/cmsy/m/n/10 f\OML/cmm/m
/it/10 a[]\OMS/cmsy/m/n/10 g$\TU/lmr/m/n/10 ($\OML/cmm/m/it/10 n \OMS/cmsy/m/n/
10 2 [][]$\TU/lmr/m/n/10 ) \TU/等线(0)/m/n/10 的 公 比\TU/lmr/m/n/10 , \TU/等线(0)/m/n
/10 且 $\OML/cmm/m/it/10 f\OT1/cmr/m/n/10 (\OML/cmm/m/it/10 a[]a[]a[] [] a[]\OT1
/cmr/m/n/10 ) =
 []

[202] [203] [204]
Overfull \hbox (4.45384pt too wide) in paragraph at lines 6326--6327
[]\TU/lmr/m/n/10 (000856) \TU/等线(0)/m/n/10 已 知 数 列 $\OMS/cmsy/m/n/10 f\OML/cmm/
m/it/10 a[]\OMS/cmsy/m/n/10 g$ \TU/等线(0)/m/n/10 的 通 项 公 式 为 $\OML/cmm/m/it/10 a
[] \OT1/cmr/m/n/10 = [][] \OMS/cmsy/m/n/10 ^^A \OML/cmm/m/it/10 n \OT1/cmr/m/n/
10 + 2[]\OML/cmm/m/it/10 ;  n \OMS/cmsy/m/n/10 2 [][]$\TU/lmr/m/n/10 , \TU/等线(0
)/m/n/10 则 这 个 数 列 的 前 $\OT1/cmr/m/n/10 2\OML/cmm/m/it/10 n$ \TU/等线(0)/m/n/10 项
 和 $\OML/cmm/m/it/10 S[] \OT1/cmr/m/n/10 =$$[]$\TU/lmr/m/n/10 . 
 []


Overfull \hbox (34.57523pt too wide) in paragraph at lines 6335--6336
[]\TU/lmr/m/n/10 (000865) \TU/等线(0)/m/n/10 曲 线 $[]$\TU/lmr/m/n/10 ($\OML/cmm/m/
it/10 t$ \TU/等线(0)/m/n/10 为 参 数\TU/lmr/m/n/10 ) \TU/等线(0)/m/n/10 与 曲 线 $[]$\TU/
lmr/m/n/10 ($\OML/cmm/m/it/10 ^^R$ \TU/等线(0)/m/n/10 为 参 数\TU/lmr/m/n/10 ) \TU/等
线(0)/m/n/10 的 公 共 点 的 坐 标 为$[]$\TU/lmr/m/n/10 . 
 []

[205]
Overfull \hbox (7.4716pt too wide) in paragraph at lines 6339--6340
[]\TU/lmr/m/n/10 (000869) \TU/等线(0)/m/n/10 已 知 线 性 方 程 组 的 增 广 矩 阵 为 $[]$\TU/lm
r/m/n/10 , \TU/等线(0)/m/n/10 若 该 线 性 方 程 组 的 解 为 $[]$\TU/lmr/m/n/10 , \TU/等线(0)/
m/n/10 则 实 数 $\OML/cmm/m/it/10 a \OT1/cmr/m/n/10 =$$[]$\TU/lmr/m/n/10 . 
 []


Overfull \hbox (3.49709pt too wide) in paragraph at lines 6345--6346
[]\TU/lmr/m/n/10 (000875) \TU/等线(0)/m/n/10 已 知 等 比 数 列 $\OMS/cmsy/m/n/10 f\OML/
cmm/m/it/10 a[]\OMS/cmsy/m/n/10 g$ \TU/等线(0)/m/n/10 的 各 项 均 为 正 数\TU/lmr/m/n/10
 , \TU/等线(0)/m/n/10 且 满 足\TU/lmr/m/n/10 :$\OML/cmm/m/it/10 a[]a[] \OT1/cmr/m/n/
10 = 4$\TU/lmr/m/n/10 , \TU/等线(0)/m/n/10 则 数 列 $\OMS/cmsy/m/n/10 f[][] \OML/cmm
/m/it/10 a[]\OMS/cmsy/m/n/10 g$ \TU/等线(0)/m/n/10 的 前 $\OT1/cmr/m/n/10 7$ \TU/等线
(0)/m/n/10 项 之 和 为$[]$\TU/lmr/m/n/10 . 
 []

[206] [207]
Overfull \hbox (14.38284pt too wide) in paragraph at lines 6376--6377
[]\TU/lmr/m/n/10 (000905) \TU/等线(0)/m/n/10 若 行 列 式 $[]$ 中 的 元 素 $\OT1/cmr/m/n/1
0 4$ \TU/等线(0)/m/n/10 的 代 数 余 子 式 的 值 等 于 $[]$\TU/lmr/m/n/10 , \TU/等线(0)/m/n/10
 则 实 数 $\OML/cmm/m/it/10 x$ \TU/等线(0)/m/n/10 的 取 值 集 合 为$[]$\TU/lmr/m/n/10 . 
 []


Overfull \hbox (0.9494pt too wide) in paragraph at lines 6377--6378
[]\TU/lmr/m/n/10 (000906) \TU/等线(0)/m/n/10 若 二 项 式 $\OT1/cmr/m/n/10 (2\OML/cmm/
m/it/10 x \OMS/cmsy/m/n/10 ^^@ []\OT1/cmr/m/n/10 )[]$ \TU/等线(0)/m/n/10 展 开 式 中 
的 第 $\OT1/cmr/m/n/10 5$ \TU/等线(0)/m/n/10 项 为 常 数 项\TU/lmr/m/n/10 , \TU/等线(0)/m/
n/10 则 展 开 式 中 各 项 的 二 项 式 系 数 之 和 为$[]$\TU/lmr/m/n/10 . 
 []

[208] [209]
Missing character: There is no ; ("3B) in font nullfont!
 [210]
Overfull \hbox (16.43243pt too wide) in paragraph at lines 6473--6474
[]\TU/lmr/m/n/10 (000961) \TU/等线(0)/m/n/10 已 知 函 数 $\OML/cmm/m/it/10 f\OT1/cmr/
m/n/10 (\OML/cmm/m/it/10 x\OT1/cmr/m/n/10 ) = 2[] \OMS/cmsy/m/n/10 ^^@ \OML/cmm
/m/it/10 a \OMS/cmsy/m/n/10 ^^A \OT1/cmr/m/n/10 2[]$ \TU/等线(0)/m/n/10 的 反 函 数 是
 $\OML/cmm/m/it/10 f[]\OT1/cmr/m/n/10 (\OML/cmm/m/it/10 x\OT1/cmr/m/n/10 )$\TU/
lmr/m/n/10 , $\OML/cmm/m/it/10 f[]\OT1/cmr/m/n/10 (\OML/cmm/m/it/10 x\OT1/cmr/m
/n/10 )$ \TU/等线(0)/m/n/10 在 定 义 域 上 是 奇 函 数\TU/lmr/m/n/10 , \TU/等线(0)/m/n/10 则 
正 实 数 $\OML/cmm/m/it/10 a \OT1/cmr/m/n/10 =$$[]$\TU/lmr/m/n/10 . 
 []

[211]
Overfull \hbox (5.34625pt too wide) in paragraph at lines 6488--6489
[]\TU/lmr/m/n/10 (000966) \TU/等线(0)/m/n/10 已 知 无 穷 等 比 数 列 $\OMS/cmsy/m/n/10 f\
OML/cmm/m/it/10 a[]\OMS/cmsy/m/n/10 g$ \TU/等线(0)/m/n/10 的 首 项 $\OML/cmm/m/it/10
 a[] \OT1/cmr/m/n/10 = 18$\TU/lmr/m/n/10 , \TU/等线(0)/m/n/10 公 比 $\OML/cmm/m/it/
10 q \OT1/cmr/m/n/10 = \OMS/cmsy/m/n/10 ^^@[]$\TU/lmr/m/n/10 , \TU/等线(0)/m/n/10
 则 无 穷 等 比 数 列 $\OMS/cmsy/m/n/10 f\OML/cmm/m/it/10 a[]\OMS/cmsy/m/n/10 g$ \TU/等
线(0)/m/n/10 各 项 的 和 是$[]$\TU/lmr/m/n/10 . 
 []

) [212] [213] (./to_compile.aux (./problems_file.aux)) ) 
Here is how much of TeX's memory you used:
 23495 strings out of 476919
 523817 string characters out of 5825424
 933696 words of memory out of 5000000
 43072 multiletter control sequences out of 15000+600000
 406151 words of font info for 67 fonts, out of 8000000 for 9000
 1348 hyphenation exceptions out of 8191
 101i,22n,104p,936b,906s stack positions out of 5000i,500n,10000p,200000b,80000s

Output written on to_compile.pdf (213 pages).
